#
# A fatal error has been detected by the Java Runtime Environment:
#
#  EXCEPTION_ACCESS_VIOLATION (0xc0000005) at pc=0x000000005d880b70, pid=10876, tid=0x0000000000001d9c
#
# JRE version: Java(TM) SE Runtime Environment (8.0_191-b12) (build 1.8.0_191-b12)
# Java VM: Java HotSpot(TM) 64-Bit Server VM (25.191-b12 mixed mode windows-amd64 compressed oops)
# Problematic frame:
# V  [jvm.dll+0xb0b70]
#
# Failed to write core dump. Minidumps are not enabled by default on client versions of Windows
#
# If you would like to submit a bug report, please visit:
#   http://bugreport.java.com/bugreport/crash.jsp
#

---------------  T H R E A D  ---------------

Current thread (0x00000000032ed000):  GCTaskThread [stack: 0x0000000012f40000,0x0000000013040000] [id=7580]

siginfo: ExceptionCode=0xc0000005, reading address 0x00000000000001c0

Registers:
RAX=0x0000000000000001, RBX=0x00000000fbadaa60, RCX=0x00000000fbadaa60, RDX=0x00000000000001b8
RSP=0x000000001303f298, RBP=0x0000000000000000, RSI=0x0000000018335440, RDI=0x000000001c62a240
R8 =0x0000000018335440, R9 =0x0000000000000081, R10=0x0000000000000001, R11=0x00000000908d72c0
R12=0x000000005de2b3b8, R13=0x0039003100570041, R14=0x0000000000000000, R15=0x00000000032ed590
RIP=0x000000005d880b70, EFLAGS=0x0000000000010206

Top of Stack: (sp=0x000000001303f298)
0x000000001303f298:   000000005dbd3302 00000000fbbdaa00
0x000000001303f2a8:   000000000000000c 0000000018335440
0x000000001303f2b8:   00007ff9989b26ee 0000000000000000
0x000000001303f2c8:   0000000000001000 00000000908d6720
0x000000001303f2d8:   0000000000000400 0000000000000000
0x000000001303f2e8:   00000000032e2d01 000000005de2b3b8
0x000000001303f2f8:   000000005dbd3670 00000000908d72f4
0x000000001303f308:   0000000000000000 0000000018335440
0x000000001303f318:   000000001c62a240 00000000908d72f4
0x000000001303f328:   000000005dbd4045 000000000000000d
0x000000001303f338:   000000005de2b3b8 000000008d7c5430
0x000000001303f348:   000000005dbd3581 00000000f9a13078
0x000000001303f358:   0000000000000005 0000000018335440
0x000000001303f368:   00008596000026e8 0000000000000400
0x000000001303f378:   00008596000026e9 00005f8d0001371e
0x000000001303f388:   00008596000026e8 00000000032ed580 

Instructions: (pc=0x000000005d880b70)
0x000000005d880b50:   2c cd 1d 00 48 8b 9c 24 d0 00 00 00 48 81 c4 c0
0x000000005d880b60:   00 00 00 5d c3 cc cc cc cc cc cc cc cc cc cc cc
0x000000005d880b70:   44 8b 42 08 4c 8b ca 45 85 c0 7e 0e 41 f6 c0 01
0x000000005d880b80:   75 57 41 c1 f8 03 41 8b c0 c3 79 4d 80 3d 0e 3f 


Register to memory mapping:

RAX=0x0000000000000001 is an unknown value
RBX=0x00000000fbadaa60 is an oop

[error occurred during error reporting (printing register info), id 0xc0000005]

Stack: [0x0000000012f40000,0x0000000013040000],  sp=0x000000001303f298,  free space=1020k
Native frames: (J=compiled Java code, j=interpreted, Vv=VM code, C=native code)


---------------  P R O C E S S  ---------------

Java Threads: ( => current thread )
  0x000000001b2b8000 JavaThread "ReaderThread" [_thread_in_native, id=4804, stack(0x000000001b820000,0x000000001b920000)]
  0x000000001a2e7800 JavaThread "Service Thread" daemon [_thread_blocked, id=3728, stack(0x000000001ae20000,0x000000001af20000)]
  0x000000001a263800 JavaThread "C1 CompilerThread3" daemon [_thread_blocked, id=17056, stack(0x000000001ad20000,0x000000001ae20000)]
  0x000000001a25d800 JavaThread "C2 CompilerThread2" daemon [_thread_blocked, id=3748, stack(0x000000001ac20000,0x000000001ad20000)]
  0x000000001a259800 JavaThread "C2 CompilerThread1" daemon [_thread_blocked, id=14900, stack(0x000000001ab20000,0x000000001ac20000)]
  0x000000001a256000 JavaThread "C2 CompilerThread0" daemon [_thread_blocked, id=7064, stack(0x000000001aa20000,0x000000001ab20000)]
  0x000000001a251000 JavaThread "Attach Listener" daemon [_thread_blocked, id=2084, stack(0x000000001a920000,0x000000001aa20000)]
  0x000000001a250000 JavaThread "Signal Dispatcher" daemon [_thread_blocked, id=15716, stack(0x000000001a820000,0x000000001a920000)]
  0x000000001a240800 JavaThread "Finalizer" daemon [_thread_blocked, id=8580, stack(0x000000001a620000,0x000000001a720000)]
  0x00000000033cc000 JavaThread "Reference Handler" daemon [_thread_blocked, id=15096, stack(0x000000001a120000,0x000000001a220000)]
  0x00000000032d5000 JavaThread "main" [_thread_blocked, id=14312, stack(0x00000000031d0000,0x00000000032d0000)]

Other Threads:
  0x0000000018339800 VMThread [stack: 0x000000001a020000,0x000000001a120000] [id=14340]
  0x000000001a321800 WatcherThread [stack: 0x000000001af20000,0x000000001b020000] [id=13684]

=>0x00000000032ed000 (exited) GCTaskThread [stack: 0x0000000012f40000,0x0000000013040000] [id=7580]

VM state:at safepoint (normal execution)

VM Mutex/Monitor currently owned by a thread:  ([mutex/lock_event])
[0x00000000032d2050] Threads_lock - owner thread: 0x0000000018339800
[0x00000000032d1cd0] Heap_lock - owner thread: 0x00000000032d5000

Heap:
 PSYoungGen      total 434688K, used 416166K [0x00000000d5f80000, 0x0000000100000000, 0x0000000100000000)
  eden space 229888K, 91% used [0x00000000d5f80000,0x00000000e2deba38,0x00000000e4000000)
  from space 204800K, 99% used [0x00000000f3800000,0x00000000ffffe110,0x0000000100000000)
  to   space 229376K, 6% used [0x00000000e4000000,0x00000000e4f54350,0x00000000f2000000)
 ParOldGen       total 271872K, used 270682K [0x0000000081e00000, 0x0000000092780000, 0x00000000d5f80000)
  object space 271872K, 99% used [0x0000000081e00000,0x0000000092662840,0x0000000092780000)
 Metaspace       used 19414K, capacity 19648K, committed 20096K, reserved 1067008K
  class space    used 2535K, capacity 2604K, committed 2688K, reserved 1048576K

Card table byte_map: [0x0000000012790000,0x0000000012b90000] byte_map_base: 0x0000000012381000

Marking Bits: (ParMarkBitMap*) 0x000000005dff3e30
 Begin Bits: [0x0000000013640000, 0x00000000155c8000)
 End Bits:   [0x00000000155c8000, 0x0000000017550000)

Polling page: 0x0000000001300000

CodeCache: size=245760Kb used=10194Kb max_used=10197Kb free=235565Kb
 bounds [0x00000000033d0000, 0x0000000003dd0000, 0x00000000123d0000]
 total_blobs=3029 nmethods=2654 adapters=287
 compilation: enabled

Compilation events (10 events):
Event: 6.116 Thread 0x000000001a263800 2683       3       com.sun.org.apache.xerces.internal.impl.XMLEntityManager::setScannerVersion (115 bytes)
Event: 6.116 Thread 0x000000001a259800 nmethod 2684 0x0000000003d93590 code [0x0000000003d936c0, 0x0000000003d93738]
Event: 6.116 Thread 0x000000001a263800 nmethod 2683 0x0000000003dcdbd0 code [0x0000000003dcdda0, 0x0000000003dce698]
Event: 6.116 Thread 0x000000001a263800 2685       3       org.apache.xmlbeans.impl.store.Xobj::setBit (11 bytes)
Event: 6.116 Thread 0x000000001a263800 nmethod 2685 0x0000000003dcd890 code [0x0000000003dcd9e0, 0x0000000003dcdb30]
Event: 6.116 Thread 0x000000001a263800 2686       3       org.apache.xmlbeans.impl.store.Xobj::hasAttrs (23 bytes)
Event: 6.116 Thread 0x000000001a263800 nmethod 2686 0x0000000003dcd1d0 code [0x0000000003dcd340, 0x0000000003dcd750]
Event: 6.117 Thread 0x000000001a263800 2687       3       java.util.Calendar::setFieldsComputed (117 bytes)
Event: 6.117 Thread 0x000000001a263800 nmethod 2687 0x0000000003dcb790 code [0x0000000003dcb940, 0x0000000003dcbdf0]
Event: 6.117 Thread 0x000000001a263800 2688       3       sun.util.calendar.ZoneInfo::getTransitionIndex (156 bytes)

GC Heap History (10 events):
Event: 4.684 GC heap after
Heap after GC invocations=13 (full 2):
 PSYoungGen      total 387584K, used 126964K [0x00000000d5f80000, 0x00000000fc180000, 0x0000000100000000)
  eden space 260608K, 0% used [0x00000000d5f80000,0x00000000d5f80000,0x00000000e5e00000)
  from space 126976K, 99% used [0x00000000e5e00000,0x00000000ed9fd3a0,0x00000000eda00000)
  to   space 162304K, 0% used [0x00000000f2300000,0x00000000f2300000,0x00000000fc180000)
 ParOldGen       total 464896K, used 302037K [0x0000000081e00000, 0x000000009e400000, 0x00000000d5f80000)
  object space 464896K, 64% used [0x0000000081e00000,0x00000000944f5638,0x000000009e400000)
 Metaspace       used 19354K, capacity 19644K, committed 20096K, reserved 1067008K
  class space    used 2533K, capacity 2604K, committed 2688K, reserved 1048576K
}
Event: 4.837 GC heap before
{Heap before GC invocations=14 (full 2):
 PSYoungGen      total 387584K, used 387572K [0x00000000d5f80000, 0x00000000fc180000, 0x0000000100000000)
  eden space 260608K, 100% used [0x00000000d5f80000,0x00000000e5e00000,0x00000000e5e00000)
  from space 126976K, 99% used [0x00000000e5e00000,0x00000000ed9fd3a0,0x00000000eda00000)
  to   space 162304K, 0% used [0x00000000f2300000,0x00000000f2300000,0x00000000fc180000)
 ParOldGen       total 464896K, used 302037K [0x0000000081e00000, 0x000000009e400000, 0x00000000d5f80000)
  object space 464896K, 64% used [0x0000000081e00000,0x00000000944f5638,0x000000009e400000)
 Metaspace       used 19354K, capacity 19644K, committed 20096K, reserved 1067008K
  class space    used 2533K, capacity 2604K, committed 2688K, reserved 1048576K
Event: 4.913 GC heap after
Heap after GC invocations=14 (full 2):
 PSYoungGen      total 469504K, used 64064K [0x00000000d5f80000, 0x00000000fc400000, 0x0000000100000000)
  eden space 307200K, 0% used [0x00000000d5f80000,0x00000000d5f80000,0x00000000e8b80000)
  from space 162304K, 39% used [0x00000000f2300000,0x00000000f6190328,0x00000000fc180000)
  to   space 155136K, 0% used [0x00000000e8b80000,0x00000000e8b80000,0x00000000f2300000)
 ParOldGen       total 464896K, used 369805K [0x0000000081e00000, 0x000000009e400000, 0x00000000d5f80000)
  object space 464896K, 79% used [0x0000000081e00000,0x00000000987236d8,0x000000009e400000)
 Metaspace       used 19354K, capacity 19644K, committed 20096K, reserved 1067008K
  class space    used 2533K, capacity 2604K, committed 2688K, reserved 1048576K
}
Event: 4.913 GC heap before
{Heap before GC invocations=15 (full 3):
 PSYoungGen      total 469504K, used 64064K [0x00000000d5f80000, 0x00000000fc400000, 0x0000000100000000)
  eden space 307200K, 0% used [0x00000000d5f80000,0x00000000d5f80000,0x00000000e8b80000)
  from space 162304K, 39% used [0x00000000f2300000,0x00000000f6190328,0x00000000fc180000)
  to   space 155136K, 0% used [0x00000000e8b80000,0x00000000e8b80000,0x00000000f2300000)
 ParOldGen       total 464896K, used 369805K [0x0000000081e00000, 0x000000009e400000, 0x00000000d5f80000)
  object space 464896K, 79% used [0x0000000081e00000,0x00000000987236d8,0x000000009e400000)
 Metaspace       used 19354K, capacity 19644K, committed 20096K, reserved 1067008K
  class space    used 2533K, capacity 2604K, committed 2688K, reserved 1048576K
Event: 4.969 GC heap after
Heap after GC invocations=15 (full 3):
 PSYoungGen      total 469504K, used 0K [0x00000000d5f80000, 0x00000000fc400000, 0x0000000100000000)
  eden space 307200K, 0% used [0x00000000d5f80000,0x00000000d5f80000,0x00000000e8b80000)
  from space 162304K, 0% used [0x00000000f2300000,0x00000000f2300000,0x00000000fc180000)
  to   space 155136K, 0% used [0x00000000e8b80000,0x00000000e8b80000,0x00000000f2300000)
 ParOldGen       total 271872K, used 39699K [0x0000000081e00000, 0x0000000092780000, 0x00000000d5f80000)
  object space 271872K, 14% used [0x0000000081e00000,0x00000000844c4eb0,0x0000000092780000)
 Metaspace       used 19354K, capacity 19644K, committed 20096K, reserved 1067008K
  class space    used 2533K, capacity 2604K, committed 2688K, reserved 1048576K
}
Event: 5.351 GC heap before
{Heap before GC invocations=16 (full 3):
 PSYoungGen      total 469504K, used 307200K [0x00000000d5f80000, 0x00000000fc400000, 0x0000000100000000)
  eden space 307200K, 100% used [0x00000000d5f80000,0x00000000e8b80000,0x00000000e8b80000)
  from space 162304K, 0% used [0x00000000f2300000,0x00000000f2300000,0x00000000fc180000)
  to   space 155136K, 0% used [0x00000000e8b80000,0x00000000e8b80000,0x00000000f2300000)
 ParOldGen       total 271872K, used 39699K [0x0000000081e00000, 0x0000000092780000, 0x00000000d5f80000)
  object space 271872K, 14% used [0x0000000081e00000,0x00000000844c4eb0,0x0000000092780000)
 Metaspace       used 19360K, capacity 19644K, committed 20096K, reserved 1067008K
  class space    used 2533K, capacity 2604K, committed 2688K, reserved 1048576K
Event: 5.405 GC heap after
Heap after GC invocations=16 (full 3):
 PSYoungGen      total 462336K, used 155109K [0x00000000d5f80000, 0x0000000100000000, 0x0000000100000000)
  eden space 307200K, 0% used [0x00000000d5f80000,0x00000000d5f80000,0x00000000e8b80000)
  from space 155136K, 99% used [0x00000000e8b80000,0x00000000f22f9590,0x00000000f2300000)
  to   space 204800K, 0% used [0x00000000f3800000,0x00000000f3800000,0x0000000100000000)
 ParOldGen       total 271872K, used 99525K [0x0000000081e00000, 0x0000000092780000, 0x00000000d5f80000)
  object space 271872K, 36% used [0x0000000081e00000,0x0000000087f315e0,0x0000000092780000)
 Metaspace       used 19360K, capacity 19644K, committed 20096K, reserved 1067008K
  class space    used 2533K, capacity 2604K, committed 2688K, reserved 1048576K
}
Event: 5.746 GC heap before
{Heap before GC invocations=17 (full 3):
 PSYoungGen      total 462336K, used 462309K [0x00000000d5f80000, 0x0000000100000000, 0x0000000100000000)
  eden space 307200K, 100% used [0x00000000d5f80000,0x00000000e8b80000,0x00000000e8b80000)
  from space 155136K, 99% used [0x00000000e8b80000,0x00000000f22f9590,0x00000000f2300000)
  to   space 204800K, 0% used [0x00000000f3800000,0x00000000f3800000,0x0000000100000000)
 ParOldGen       total 271872K, used 99525K [0x0000000081e00000, 0x0000000092780000, 0x00000000d5f80000)
  object space 271872K, 36% used [0x0000000081e00000,0x0000000087f315e0,0x0000000092780000)
 Metaspace       used 19361K, capacity 19644K, committed 20096K, reserved 1067008K
  class space    used 2533K, capacity 2604K, committed 2688K, reserved 1048576K
Event: 5.846 GC heap after
Heap after GC invocations=17 (full 3):
 PSYoungGen      total 434688K, used 204792K [0x00000000d5f80000, 0x0000000100000000, 0x0000000100000000)
  eden space 229888K, 0% used [0x00000000d5f80000,0x00000000d5f80000,0x00000000e4000000)
  from space 204800K, 99% used [0x00000000f3800000,0x00000000ffffe110,0x0000000100000000)
  to   space 229376K, 0% used [0x00000000e4000000,0x00000000e4000000,0x00000000f2000000)
 ParOldGen       total 271872K, used 160648K [0x0000000081e00000, 0x0000000092780000, 0x00000000d5f80000)
  object space 271872K, 59% used [0x0000000081e00000,0x000000008bae2320,0x0000000092780000)
 Metaspace       used 19361K, capacity 19644K, committed 20096K, reserved 1067008K
  class space    used 2533K, capacity 2604K, committed 2688K, reserved 1048576K
}
Event: 6.117 GC heap before
{Heap before GC invocations=18 (full 3):
 PSYoungGen      total 434688K, used 416166K [0x00000000d5f80000, 0x0000000100000000, 0x0000000100000000)
  eden space 229888K, 91% used [0x00000000d5f80000,0x00000000e2deba38,0x00000000e4000000)
  from space 204800K, 99% used [0x00000000f3800000,0x00000000ffffe110,0x0000000100000000)
  to   space 229376K, 0% used [0x00000000e4000000,0x00000000e4000000,0x00000000f2000000)
 ParOldGen       total 271872K, used 160648K [0x0000000081e00000, 0x0000000092780000, 0x00000000d5f80000)
  object space 271872K, 59% used [0x0000000081e00000,0x000000008bae2320,0x0000000092780000)
 Metaspace       used 19414K, capacity 19648K, committed 20096K, reserved 1067008K
  class space    used 2535K, capacity 2604K, committed 2688K, reserved 1048576K

Deoptimization events (10 events):
Event: 4.426 Thread 0x00000000032d5000 Uncommon trap: reason=unstable_if action=reinterpret pc=0x0000000003c7d8f8 method=org.apache.xmlbeans.impl.store.Xobj.find_all_element_users(Ljavax/xml/namespace/QName;Ljava/util/List;)V @ 24
Event: 4.481 Thread 0x00000000032d5000 Uncommon trap: reason=class_check action=maybe_recompile pc=0x0000000003bcc3e4 method=com.sun.org.apache.xerces.internal.impl.XMLDocumentFragmentScannerImpl.scanDocument(Z)Z @ 333
Event: 4.484 Thread 0x00000000032d5000 Uncommon trap: reason=class_check action=maybe_recompile pc=0x0000000003bcc758 method=com.sun.org.apache.xerces.internal.impl.XMLDocumentFragmentScannerImpl.scanDocument(Z)Z @ 117
Event: 4.485 Thread 0x00000000032d5000 Uncommon trap: reason=class_check action=maybe_recompile pc=0x0000000003bcc3e4 method=com.sun.org.apache.xerces.internal.impl.XMLDocumentFragmentScannerImpl.scanDocument(Z)Z @ 333
Event: 4.486 Thread 0x00000000032d5000 Uncommon trap: reason=class_check action=maybe_recompile pc=0x0000000003bcc3e4 method=com.sun.org.apache.xerces.internal.impl.XMLDocumentFragmentScannerImpl.scanDocument(Z)Z @ 333
Event: 4.497 Thread 0x00000000032d5000 Uncommon trap: reason=unstable_if action=reinterpret pc=0x0000000003ce78cc method=org.apache.xmlbeans.impl.store.Locale$nthCache.distance(Lorg/apache/xmlbeans/impl/store/Xobj;Ljavax/xml/namespace/QName;Lorg/apache/xmlbeans/QNameSet;I)I @ 31
Event: 4.497 Thread 0x00000000032d5000 Uncommon trap: reason=unstable_if action=reinterpret pc=0x0000000003cb34cc method=org.apache.xmlbeans.impl.store.Locale$nthCache.distance(Lorg/apache/xmlbeans/impl/store/Xobj;Ljavax/xml/namespace/QName;Lorg/apache/xmlbeans/QNameSet;I)I @ 31
Event: 4.497 Thread 0x00000000032d5000 Uncommon trap: reason=unstable_if action=reinterpret pc=0x0000000003cd14a0 method=org.apache.xmlbeans.impl.store.Locale$nthCache.fetch(Lorg/apache/xmlbeans/impl/store/Xobj;Ljavax/xml/namespace/QName;Lorg/apache/xmlbeans/QNameSet;I)Lorg/apache/xmlbeans/imp
Event: 4.497 Thread 0x00000000032d5000 Uncommon trap: reason=unstable_if action=reinterpret pc=0x0000000003ce3bbc method=org.apache.xmlbeans.impl.store.Locale$nthCache.distance(Lorg/apache/xmlbeans/impl/store/Xobj;Ljavax/xml/namespace/QName;Lorg/apache/xmlbeans/QNameSet;I)I @ 31
Event: 4.497 Thread 0x00000000032d5000 Uncommon trap: reason=unstable_if action=reinterpret pc=0x0000000003ceeb08 method=org.apache.xmlbeans.impl.store.Locale$nthCache.distance(Lorg/apache/xmlbeans/impl/store/Xobj;Ljavax/xml/namespace/QName;Lorg/apache/xmlbeans/QNameSet;I)I @ 31

Classes redefined (0 events):
No events

Internal exceptions (10 events):
Event: 0.752 Thread 0x00000000032d5000 Exception <a 'java/lang/ClassNotFoundException': java/lang/ObjectCustomizer> (0x00000000d712d7c0) thrown at [C:\re\workspace\8-2-build-windows-amd64-cygwin\jdk8u191\11896\hotspot\src\share\vm\classfile\systemDictionary.cpp, line 210]
Event: 0.755 Thread 0x00000000032d5000 Exception <a 'java/lang/ClassNotFoundException': java/lang/EnumCustomizer> (0x00000000d713dc60) thrown at [C:\re\workspace\8-2-build-windows-amd64-cygwin\jdk8u191\11896\hotspot\src\share\vm\classfile\systemDictionary.cpp, line 210]
Event: 0.756 Thread 0x00000000032d5000 Exception <a 'java/lang/ClassNotFoundException': com/aventstack/extentreports/StatusCustomizer> (0x00000000d715f000) thrown at [C:\re\workspace\8-2-build-windows-amd64-cygwin\jdk8u191\11896\hotspot\src\share\vm\classfile\systemDictionary.cpp, line 210]
Event: 0.869 Thread 0x00000000032d5000 Implicit null exception at 0x000000000378cb9b to 0x000000000378d029
Event: 1.092 Thread 0x00000000032d5000 Exception <a 'java/security/PrivilegedActionException'> (0x00000000d75b4538) thrown at [C:\re\workspace\8-2-build-windows-amd64-cygwin\jdk8u191\11896\hotspot\src\share\vm\prims\jvm.cpp, line 1435]
Event: 1.092 Thread 0x00000000032d5000 Exception <a 'java/security/PrivilegedActionException'> (0x00000000d75b4d00) thrown at [C:\re\workspace\8-2-build-windows-amd64-cygwin\jdk8u191\11896\hotspot\src\share\vm\prims\jvm.cpp, line 1435]
Event: 1.093 Thread 0x00000000032d5000 Exception <a 'java/security/PrivilegedActionException'> (0x00000000d75d21a0) thrown at [C:\re\workspace\8-2-build-windows-amd64-cygwin\jdk8u191\11896\hotspot\src\share\vm\prims\jvm.cpp, line 1435]
Event: 1.093 Thread 0x00000000032d5000 Exception <a 'java/security/PrivilegedActionException'> (0x00000000d75d2968) thrown at [C:\re\workspace\8-2-build-windows-amd64-cygwin\jdk8u191\11896\hotspot\src\share\vm\prims\jvm.cpp, line 1435]
Event: 1.093 Thread 0x00000000032d5000 Exception <a 'java/security/PrivilegedActionException'> (0x00000000d75dfd38) thrown at [C:\re\workspace\8-2-build-windows-amd64-cygwin\jdk8u191\11896\hotspot\src\share\vm\prims\jvm.cpp, line 1435]
Event: 1.093 Thread 0x00000000032d5000 Exception <a 'java/security/PrivilegedActionException'> (0x00000000d75e0500) thrown at [C:\re\workspace\8-2-build-windows-amd64-cygwin\jdk8u191\11896\hotspot\src\share\vm\prims\jvm.cpp, line 1435]

Events (10 events):
Event: 6.108 loading class org/apache/xerces/util/SecurityManager done
Event: 6.109 loading class org/apache/xerces/util/SecurityManager
Event: 6.109 loading class org/apache/xerces/util/SecurityManager done
Event: 6.112 loading class org/apache/xerces/util/SecurityManager
Event: 6.112 loading class org/apache/xerces/util/SecurityManager done
Event: 6.113 loading class org/apache/xerces/util/SecurityManager
Event: 6.113 loading class org/apache/xerces/util/SecurityManager done
Event: 6.115 loading class org/apache/xerces/util/SecurityManager
Event: 6.115 loading class org/apache/xerces/util/SecurityManager done
Event: 6.117 Executing VM operation: ParallelGCFailedAllocation


Dynamic libraries:
0x00007ff7709d0000 - 0x00007ff770a07000 	C:\Program Files\Java\jre1.8.0_191\bin\javaw.exe
0x00007ff99ac50000 - 0x00007ff99ae44000 	C:\WINDOWS\SYSTEM32\ntdll.dll
0x00007ff998cc0000 - 0x00007ff998d7d000 	C:\WINDOWS\System32\KERNEL32.DLL
0x00007ff998990000 - 0x00007ff998c57000 	C:\WINDOWS\System32\KERNELBASE.dll
0x00007ff99a470000 - 0x00007ff99a51a000 	C:\WINDOWS\System32\ADVAPI32.dll
0x00007ff999780000 - 0x00007ff99981e000 	C:\WINDOWS\System32\msvcrt.dll
0x00007ff99a3d0000 - 0x00007ff99a46b000 	C:\WINDOWS\System32\sechost.dll
0x00007ff998ef0000 - 0x00007ff999013000 	C:\WINDOWS\System32\RPCRT4.dll
0x00007ff999f60000 - 0x00007ff99a100000 	C:\WINDOWS\System32\USER32.dll
0x00007ff998860000 - 0x00007ff998882000 	C:\WINDOWS\System32\win32u.dll
0x00007ff99ab60000 - 0x00007ff99ab8a000 	C:\WINDOWS\System32\GDI32.dll
0x00007ff998750000 - 0x00007ff99885a000 	C:\WINDOWS\System32\gdi32full.dll
0x00007ff9984a0000 - 0x00007ff99853d000 	C:\WINDOWS\System32\msvcp_win.dll
0x00007ff998890000 - 0x00007ff998990000 	C:\WINDOWS\System32\ucrtbase.dll
0x00007ff9858e0000 - 0x00007ff985b7a000 	C:\WINDOWS\WinSxS\amd64_microsoft.windows.common-controls_6595b64144ccf1df_6.0.19041.1_none_b555e41d4684ddec\COMCTL32.dll
0x00007ff998d80000 - 0x00007ff998db0000 	C:\WINDOWS\System32\IMM32.DLL
0x000000005d520000 - 0x000000005d5f2000 	C:\Program Files\Java\jre1.8.0_191\bin\msvcr100.dll
0x000000005d7d0000 - 0x000000005e074000 	C:\Program Files\Java\jre1.8.0_191\bin\server\jvm.dll
0x00007ff99a900000 - 0x00007ff99a908000 	C:\WINDOWS\System32\PSAPI.DLL
0x00007ff941ff0000 - 0x00007ff941ff9000 	C:\WINDOWS\SYSTEM32\WSOCK32.dll
0x00007ff990e50000 - 0x00007ff990e5a000 	C:\WINDOWS\SYSTEM32\VERSION.dll
0x00007ff983ed0000 - 0x00007ff983ef7000 	C:\WINDOWS\SYSTEM32\WINMM.dll
0x00007ff999710000 - 0x00007ff99977b000 	C:\WINDOWS\System32\WS2_32.dll
0x000000005d6e0000 - 0x000000005d6ef000 	C:\Program Files\Java\jre1.8.0_191\bin\verify.dll
0x000000005d6b0000 - 0x000000005d6d9000 	C:\Program Files\Java\jre1.8.0_191\bin\java.dll
0x000000005d690000 - 0x000000005d6a6000 	C:\Program Files\Java\jre1.8.0_191\bin\zip.dll
0x00007ff999820000 - 0x00007ff999f55000 	C:\WINDOWS\System32\SHELL32.dll
0x00007ff996530000 - 0x00007ff996cbf000 	C:\WINDOWS\SYSTEM32\windows.storage.dll
0x00007ff99a520000 - 0x00007ff99a873000 	C:\WINDOWS\System32\combase.dll
0x00007ff997d50000 - 0x00007ff997d7b000 	C:\WINDOWS\SYSTEM32\Wldp.dll
0x00007ff999660000 - 0x00007ff99970e000 	C:\WINDOWS\System32\SHCORE.dll
0x00007ff99ab00000 - 0x00007ff99ab55000 	C:\WINDOWS\System32\shlwapi.dll
0x00007ff9982e0000 - 0x00007ff9982ff000 	C:\WINDOWS\SYSTEM32\profapi.dll
0x000000005d670000 - 0x000000005d68a000 	C:\Program Files\Java\jre1.8.0_191\bin\net.dll
0x00007ff997ad0000 - 0x00007ff997b3a000 	C:\WINDOWS\system32\mswsock.dll
0x00007ff995c10000 - 0x00007ff995df4000 	C:\WINDOWS\SYSTEM32\dbghelp.dll
0x00007ff9983a0000 - 0x00007ff99841f000 	C:\WINDOWS\System32\bcryptPrimitives.dll

VM Arguments:
jvm_args: -ea -Dfile.encoding=UTF-8 
java_command: org.eclipse.jdt.internal.junit.runner.RemoteTestRunner -version 3 -port 63601 -testLoaderClass org.eclipse.jdt.internal.junit4.runner.JUnit4TestLoader -loaderpluginname org.eclipse.jdt.junit4.runtime -classNames com.Pathway_stage.TestRunner.TestRunnerclass
java_class_path (initial): F:\stage\Pathway_stage\target\test-classes;F:\stage\Pathway_stage\target\classes;C:\Users\saiku\Downloads\sikulixapi-2.0.4.jar;C:\Users\saiku\.m2\repository\org\seleniumhq\selenium\selenium-java\3.14.0\selenium-java-3.14.0.jar;C:\Users\saiku\.m2\repository\org\seleniumhq\selenium\selenium-api\3.14.0\selenium-api-3.14.0.jar;C:\Users\saiku\.m2\repository\org\seleniumhq\selenium\selenium-chrome-driver\3.14.0\selenium-chrome-driver-3.14.0.jar;C:\Users\saiku\.m2\repository\org\seleniumhq\selenium\selenium-edge-driver\3.14.0\selenium-edge-driver-3.14.0.jar;C:\Users\saiku\.m2\repository\org\seleniumhq\selenium\selenium-firefox-driver\3.14.0\selenium-firefox-driver-3.14.0.jar;C:\Users\saiku\.m2\repository\org\seleniumhq\selenium\selenium-ie-driver\3.14.0\selenium-ie-driver-3.14.0.jar;C:\Users\saiku\.m2\repository\org\seleniumhq\selenium\selenium-opera-driver\3.14.0\selenium-opera-driver-3.14.0.jar;C:\Users\saiku\.m2\repository\org\seleniumhq\selenium\selenium-remote-driver\3.14.0\selenium-remote-driver-3.14.0.jar;C:\Users\saiku\.m2\repository\org\seleniumhq\selenium\selenium-safari-driver\3.14.0\selenium-safari-driver-3.14.0.jar;C:\Users\saiku\.m2\repository\org\seleniumhq\selenium\selenium-support\3.14.0\selenium-support-3.14.0.jar;C:\Users\saiku\.m2\repository\net\bytebuddy\byte-buddy\1.8.15\byte-buddy-1.8.15.jar;C:\Users\saiku\.m2\repository\org\apache\commons\commons-exec\1.3\commons-exec-1.3.jar;C:\Users\saiku\.m2\repository\commons-codec\commons-codec\1.10\commons-codec-1.10.jar;C:\Users\saiku\.m2\repository\commons-logging\commons-logging\1.2\commons-logging-1.2.jar;C:\Users\saiku\.m2\repository\com\google\guava\guava\25.0-jre\guava-25.0-jre.jar;C:\Users\saiku\.m2\repository\com\google\code\findbugs\jsr305\1.3.9\jsr305-1.3.9.jar;C:\Users\saiku\.m2\repository\org\checkerframework\checker-compat-qual\2.0.0\checker-compat-qual-2.0.0.jar;C:\Users\saiku\.m2\repository\com\google\errorprone\error_prone_annotations\2.1.3\error_prone_annotations-
Launcher Type: SUN_STANDARD

Environment Variables:
JAVA_HOME=C:\Program Files\Java\jdk1.8.0_191
PATH=C:/Program Files/Java/jre1.8.0_191/bin/server;C:/Program Files/Java/jre1.8.0_191/bin;C:/Program Files/Java/jre1.8.0_191/lib/amd64;C:\Program Files (x86)\Common Files\Oracle\Java\javapath;C:\WINDOWS\system32;C:\WINDOWS;C:\WINDOWS\System32\Wbem;C:\WINDOWS\System32\WindowsPowerShell\v1.0\;C:\WINDOWS\System32\OpenSSH\;C:\Program Files\Java\jdk1.8.0_191\bin;C:\Users\saiku\Downloads\apache-maven-3.6.3-bin\apache-maven-3.6.3\bin;C:\Users\saiku\AppData\Local\Microsoft\WindowsApps;;C:\Users\saiku\Downloads\eclipse-java-photon-R-win32-x86_64\eclipse;
USERNAME=saikumar
OS=Windows_NT
PROCESSOR_IDENTIFIER=Intel64 Family 6 Model 142 Stepping 11, GenuineIntel



---------------  S Y S T E M  ---------------

OS: Windows 10.0 , 64 bit Build 19041 (10.0.19041.292)

CPU:total 8 (initial active 8) (4 cores per cpu, 2 threads per core) family 6 model 142 stepping 11, cmov, cx8, fxsr, mmx, sse, sse2, sse3, ssse3, sse4.1, sse4.2, popcnt, avx, avx2, aes, clmul, erms, 3dnowpref, lzcnt, ht, tsc, tscinvbit, bmi1, bmi2, adx

Memory: 4k page, physical 8264948k(1343472k free), swap 13245684k(4966728k free)

vm_info: Java HotSpot(TM) 64-Bit Server VM (25.191-b12) for windows-amd64 JRE (1.8.0_191-b12), built on Oct  6 2018 09:29:03 by "java_re" with MS VC++ 10.0 (VS2010)

time: Mon Jul 27 17:54:01 2020
elapsed time: 6 seconds (0d 0h 0m 6s)

