#
# A fatal error has been detected by the Java Runtime Environment:
#
#  EXCEPTION_ACCESS_VIOLATION (0xc0000005) at pc=0x000000005d880b70, pid=1144, tid=0x00000000000028e4
#
# JRE version: Java(TM) SE Runtime Environment (8.0_191-b12) (build 1.8.0_191-b12)
# Java VM: Java HotSpot(TM) 64-Bit Server VM (25.191-b12 mixed mode windows-amd64 compressed oops)
# Problematic frame:
# V  [jvm.dll+0xb0b70]
#
# Failed to write core dump. Minidumps are not enabled by default on client versions of Windows
#
# If you would like to submit a bug report, please visit:
#   http://bugreport.java.com/bugreport/crash.jsp
#

---------------  T H R E A D  ---------------

Current thread (0x00000000028d7800):  GCTaskThread [stack: 0x0000000012a20000,0x0000000012b20000] [id=10468]

siginfo: ExceptionCode=0xc0000005, reading address 0x0000000000000020

Registers:
RAX=0x0000000000000001, RBX=0x00000000f6652aa0, RCX=0x00000000f6652aa0, RDX=0x0000000000000018
RSP=0x0000000012b1f4e8, RBP=0x0000000011d8180a, RSI=0x0000000017945ac0, RDI=0x00000000840c0c40
R8 =0x0000000017945ac0, R9 =0x0000000000000074, R10=0x0000000000000001, R11=0x000000008f808990
R12=0x0000000011d81604, R13=0x0000000000006f05, R14=0x0000000000000000, R15=0x00000000028c69c0
RIP=0x000000005d880b70, EFLAGS=0x0000000000010206

Top of Stack: (sp=0x0000000012b1f4e8)
0x0000000012b1f4e8:   000000005dbd3302 00000000f6612a40
0x0000000012b1f4f8:   000000000000000c 0000000017945ac0
0x0000000012b1f508:   000000005dbd0555 00000000e482c200
0x0000000012b1f518:   0000000000001000 000000008f807ad0
0x0000000012b1f528:   0000000000000400 0000000000000000
0x0000000012b1f538:   0000000017945a00 0000000011d81604
0x0000000012b1f548:   000000005dbd3670 000000008f8089c4
0x0000000012b1f558:   0000000011d8180a 0000000017945ac0
0x0000000012b1f568:   00000000840c0c40 000000008f8089c4
0x0000000012b1f578:   000000005dbd4215 00000000897afb50
0x0000000012b1f588:   00007ff9989b26ee 00000000e2f23468
0x0000000012b1f598:   000000000000000c 0000000017945ac0
0x0000000012b1f5a8:   00007ff9989b26ee 0000000000000000
0x0000000012b1f5b8:   0000000000001000 0000000000000048
0x0000000012b1f5c8:   00007ff900000001 0000000000000000
0x0000000012b1f5d8:   0000000000000000 00000000840c0b00 

Instructions: (pc=0x000000005d880b70)
0x000000005d880b50:   2c cd 1d 00 48 8b 9c 24 d0 00 00 00 48 81 c4 c0
0x000000005d880b60:   00 00 00 5d c3 cc cc cc cc cc cc cc cc cc cc cc
0x000000005d880b70:   44 8b 42 08 4c 8b ca 45 85 c0 7e 0e 41 f6 c0 01
0x000000005d880b80:   75 57 41 c1 f8 03 41 8b c0 c3 79 4d 80 3d 0e 3f 


Register to memory mapping:

RAX=0x0000000000000001 is an unknown value
RBX=0x00000000f6652aa0 is an oop

[error occurred during error reporting (printing register info), id 0xc0000005]

Stack: [0x0000000012a20000,0x0000000012b20000],  sp=0x0000000012b1f4e8,  free space=1021k
Native frames: (J=compiled Java code, j=interpreted, Vv=VM code, C=native code)
V  [jvm.dll+0xb0b70]


---------------  P R O C E S S  ---------------

Java Threads: ( => current thread )
  0x000000001a84c000 JavaThread "ReaderThread" [_thread_in_native, id=6784, stack(0x000000001ae50000,0x000000001af50000)]
  0x00000000198e5000 JavaThread "Service Thread" daemon [_thread_blocked, id=10616, stack(0x000000001a450000,0x000000001a550000)]
  0x000000001985e000 JavaThread "C1 CompilerThread3" daemon [_thread_blocked, id=11000, stack(0x000000001a350000,0x000000001a450000)]
  0x0000000019858000 JavaThread "C2 CompilerThread2" daemon [_thread_blocked, id=12980, stack(0x000000001a250000,0x000000001a350000)]
  0x0000000019854000 JavaThread "C2 CompilerThread1" daemon [_thread_blocked, id=17016, stack(0x000000001a150000,0x000000001a250000)]
  0x0000000019850800 JavaThread "C2 CompilerThread0" daemon [_thread_blocked, id=12316, stack(0x000000001a050000,0x000000001a150000)]
  0x000000001984f000 JavaThread "Attach Listener" daemon [_thread_blocked, id=8184, stack(0x0000000019f50000,0x000000001a050000)]
  0x000000001984e000 JavaThread "Signal Dispatcher" daemon [_thread_blocked, id=3628, stack(0x0000000019e50000,0x0000000019f50000)]
  0x00000000029ae000 JavaThread "Finalizer" daemon [_thread_blocked, id=9800, stack(0x0000000019c20000,0x0000000019d20000)]
  0x00000000029ad000 JavaThread "Reference Handler" daemon [_thread_blocked, id=9908, stack(0x0000000019720000,0x0000000019820000)]
  0x00000000028b5000 JavaThread "main" [_thread_blocked, id=7740, stack(0x00000000027b0000,0x00000000028b0000)]

Other Threads:
  0x0000000017949800 VMThread [stack: 0x0000000019620000,0x0000000019720000] [id=14136]
  0x0000000019916000 WatcherThread [stack: 0x000000001a550000,0x000000001a650000] [id=16936]

=>0x00000000028d7800 (exited) GCTaskThread [stack: 0x0000000012a20000,0x0000000012b20000] [id=10468]

VM state:at safepoint (normal execution)

VM Mutex/Monitor currently owned by a thread:  ([mutex/lock_event])
[0x00000000028b1950] Threads_lock - owner thread: 0x0000000017949800
[0x00000000028b2550] Heap_lock - owner thread: 0x00000000028b5000

Heap:
 PSYoungGen      total 446976K, used 446946K [0x00000000d5f80000, 0x0000000100000000, 0x0000000100000000)
  eden space 229888K, 100% used [0x00000000d5f80000,0x00000000e4000000,0x00000000e4000000)
  from space 217088K, 99% used [0x00000000f2c00000,0x00000000ffff8910,0x0000000100000000)
  to   space 229376K, 18% used [0x00000000e4000000,0x00000000e68ff3f8,0x00000000f2000000)
 ParOldGen       total 263680K, used 252311K [0x0000000081e00000, 0x0000000091f80000, 0x00000000d5f80000)
  object space 263680K, 95% used [0x0000000081e00000,0x000000009146fc30,0x0000000091f80000)
 Metaspace       used 19436K, capacity 19648K, committed 20096K, reserved 1067008K
  class space    used 2546K, capacity 2604K, committed 2688K, reserved 1048576K

Card table byte_map: [0x0000000011d70000,0x0000000012170000] byte_map_base: 0x0000000011961000

Marking Bits: (ParMarkBitMap*) 0x000000005dff3e30
 Begin Bits: [0x0000000012c20000, 0x0000000014ba8000)
 End Bits:   [0x0000000014ba8000, 0x0000000016b30000)

Polling page: 0x0000000000e30000

CodeCache: size=245760Kb used=10069Kb max_used=10069Kb free=235690Kb
 bounds [0x00000000029b0000, 0x0000000003390000, 0x00000000119b0000]
 total_blobs=3037 nmethods=2662 adapters=287
 compilation: enabled

Compilation events (10 events):
Event: 5.591 Thread 0x000000001985e000 2699       3       java.util.ArrayList::rangeCheckForAdd (26 bytes)
Event: 5.591 Thread 0x000000001985e000 nmethod 2699 0x0000000003389d10 code [0x0000000003389f20, 0x000000000338aa38]
Event: 5.591 Thread 0x000000001985e000 2700       3       com.sun.org.apache.xerces.internal.dom.AttrImpl::getValue (176 bytes)
Event: 5.592 Thread 0x000000001985e000 nmethod 2700 0x000000000338afd0 code [0x000000000338b2c0, 0x000000000338d1b8]
Event: 5.592 Thread 0x000000001985e000 2702       3       java.util.AbstractList::listIterator (6 bytes)
Event: 5.592 Thread 0x000000001985e000 nmethod 2702 0x000000000337eed0 code [0x000000000337f040, 0x000000000337f268]
Event: 5.592 Thread 0x000000001985e000 2701       1       com.sun.org.apache.xerces.internal.impl.XMLEntityManager::getCurrentEntity (5 bytes)
Event: 5.592 Thread 0x000000001985e000 nmethod 2701 0x000000000338dad0 code [0x000000000338dc20, 0x000000000338dd30]
Event: 5.594 Thread 0x000000001985e000 2703       3       com.sun.org.apache.xerces.internal.utils.XMLSecurityManager::setLimit (51 bytes)
Event: 5.594 Thread 0x000000001985e000 nmethod 2703 0x000000000338dd90 code [0x000000000338df20, 0x000000000338e3c8]

GC Heap History (10 events):
Event: 4.180 GC heap after
Heap after GC invocations=13 (full 2):
 PSYoungGen      total 391168K, used 127461K [0x00000000d5f80000, 0x00000000fca00000, 0x0000000100000000)
  eden space 263680K, 0% used [0x00000000d5f80000,0x00000000d5f80000,0x00000000e6100000)
  from space 127488K, 99% used [0x00000000e6100000,0x00000000edd796a0,0x00000000edd80000)
  to   space 165888K, 0% used [0x00000000f2800000,0x00000000f2800000,0x00000000fca00000)
 ParOldGen       total 446464K, used 303237K [0x0000000081e00000, 0x000000009d200000, 0x00000000d5f80000)
  object space 446464K, 67% used [0x0000000081e00000,0x0000000094621650,0x000000009d200000)
 Metaspace       used 19355K, capacity 19580K, committed 19840K, reserved 1067008K
  class space    used 2544K, capacity 2604K, committed 2688K, reserved 1048576K
}
Event: 4.314 GC heap before
{Heap before GC invocations=14 (full 2):
 PSYoungGen      total 391168K, used 391141K [0x00000000d5f80000, 0x00000000fca00000, 0x0000000100000000)
  eden space 263680K, 100% used [0x00000000d5f80000,0x00000000e6100000,0x00000000e6100000)
  from space 127488K, 99% used [0x00000000e6100000,0x00000000edd796a0,0x00000000edd80000)
  to   space 165888K, 0% used [0x00000000f2800000,0x00000000f2800000,0x00000000fca00000)
 ParOldGen       total 446464K, used 303237K [0x0000000081e00000, 0x000000009d200000, 0x00000000d5f80000)
  object space 446464K, 67% used [0x0000000081e00000,0x0000000094621650,0x000000009d200000)
 Metaspace       used 19355K, capacity 19580K, committed 19840K, reserved 1067008K
  class space    used 2544K, capacity 2604K, committed 2688K, reserved 1048576K
Event: 4.387 GC heap after
Heap after GC invocations=14 (full 2):
 PSYoungGen      total 475648K, used 62912K [0x00000000d5f80000, 0x00000000fcb00000, 0x0000000100000000)
  eden space 309760K, 0% used [0x00000000d5f80000,0x00000000d5f80000,0x00000000e8e00000)
  from space 165888K, 37% used [0x00000000f2800000,0x00000000f6570378,0x00000000fca00000)
  to   space 157696K, 0% used [0x00000000e8e00000,0x00000000e8e00000,0x00000000f2800000)
 ParOldGen       total 446464K, used 371717K [0x0000000081e00000, 0x000000009d200000, 0x00000000d5f80000)
  object space 446464K, 83% used [0x0000000081e00000,0x00000000989017c0,0x000000009d200000)
 Metaspace       used 19355K, capacity 19580K, committed 19840K, reserved 1067008K
  class space    used 2544K, capacity 2604K, committed 2688K, reserved 1048576K
}
Event: 4.387 GC heap before
{Heap before GC invocations=15 (full 3):
 PSYoungGen      total 475648K, used 62912K [0x00000000d5f80000, 0x00000000fcb00000, 0x0000000100000000)
  eden space 309760K, 0% used [0x00000000d5f80000,0x00000000d5f80000,0x00000000e8e00000)
  from space 165888K, 37% used [0x00000000f2800000,0x00000000f6570378,0x00000000fca00000)
  to   space 157696K, 0% used [0x00000000e8e00000,0x00000000e8e00000,0x00000000f2800000)
 ParOldGen       total 446464K, used 371717K [0x0000000081e00000, 0x000000009d200000, 0x00000000d5f80000)
  object space 446464K, 83% used [0x0000000081e00000,0x00000000989017c0,0x000000009d200000)
 Metaspace       used 19355K, capacity 19580K, committed 19840K, reserved 1067008K
  class space    used 2544K, capacity 2604K, committed 2688K, reserved 1048576K
Event: 4.441 GC heap after
Heap after GC invocations=15 (full 3):
 PSYoungGen      total 475648K, used 0K [0x00000000d5f80000, 0x00000000fcb00000, 0x0000000100000000)
  eden space 309760K, 0% used [0x00000000d5f80000,0x00000000d5f80000,0x00000000e8e00000)
  from space 165888K, 0% used [0x00000000f2800000,0x00000000f2800000,0x00000000fca00000)
  to   space 157696K, 0% used [0x00000000e8e00000,0x00000000e8e00000,0x00000000f2800000)
 ParOldGen       total 263680K, used 40177K [0x0000000081e00000, 0x0000000091f80000, 0x00000000d5f80000)
  object space 263680K, 15% used [0x0000000081e00000,0x000000008453c710,0x0000000091f80000)
 Metaspace       used 19355K, capacity 19580K, committed 19840K, reserved 1067008K
  class space    used 2544K, capacity 2604K, committed 2688K, reserved 1048576K
}
Event: 4.837 GC heap before
{Heap before GC invocations=16 (full 3):
 PSYoungGen      total 475648K, used 309760K [0x00000000d5f80000, 0x00000000fcb00000, 0x0000000100000000)
  eden space 309760K, 100% used [0x00000000d5f80000,0x00000000e8e00000,0x00000000e8e00000)
  from space 165888K, 0% used [0x00000000f2800000,0x00000000f2800000,0x00000000fca00000)
  to   space 157696K, 0% used [0x00000000e8e00000,0x00000000e8e00000,0x00000000f2800000)
 ParOldGen       total 263680K, used 40177K [0x0000000081e00000, 0x0000000091f80000, 0x00000000d5f80000)
  object space 263680K, 15% used [0x0000000081e00000,0x000000008453c710,0x0000000091f80000)
 Metaspace       used 19362K, capacity 19644K, committed 20096K, reserved 1067008K
  class space    used 2544K, capacity 2604K, committed 2688K, reserved 1048576K
Event: 4.892 GC heap after
Heap after GC invocations=16 (full 3):
 PSYoungGen      total 467456K, used 157669K [0x00000000d5f80000, 0x0000000100000000, 0x0000000100000000)
  eden space 309760K, 0% used [0x00000000d5f80000,0x00000000d5f80000,0x00000000e8e00000)
  from space 157696K, 99% used [0x00000000e8e00000,0x00000000f27f9710,0x00000000f2800000)
  to   space 217088K, 0% used [0x00000000f2c00000,0x00000000f2c00000,0x0000000100000000)
 ParOldGen       total 263680K, used 124628K [0x0000000081e00000, 0x0000000091f80000, 0x00000000d5f80000)
  object space 263680K, 47% used [0x0000000081e00000,0x00000000897b5250,0x0000000091f80000)
 Metaspace       used 19362K, capacity 19644K, committed 20096K, reserved 1067008K
  class space    used 2544K, capacity 2604K, committed 2688K, reserved 1048576K
}
Event: 5.233 GC heap before
{Heap before GC invocations=17 (full 3):
 PSYoungGen      total 467456K, used 467429K [0x00000000d5f80000, 0x0000000100000000, 0x0000000100000000)
  eden space 309760K, 100% used [0x00000000d5f80000,0x00000000e8e00000,0x00000000e8e00000)
  from space 157696K, 99% used [0x00000000e8e00000,0x00000000f27f9710,0x00000000f2800000)
  to   space 217088K, 0% used [0x00000000f2c00000,0x00000000f2c00000,0x0000000100000000)
 ParOldGen       total 263680K, used 124628K [0x0000000081e00000, 0x0000000091f80000, 0x00000000d5f80000)
  object space 263680K, 47% used [0x0000000081e00000,0x00000000897b5250,0x0000000091f80000)
 Metaspace       used 19363K, capacity 19644K, committed 20096K, reserved 1067008K
  class space    used 2544K, capacity 2604K, committed 2688K, reserved 1048576K
Event: 5.331 GC heap after
Heap after GC invocations=17 (full 3):
 PSYoungGen      total 446976K, used 217058K [0x00000000d5f80000, 0x0000000100000000, 0x0000000100000000)
  eden space 229888K, 0% used [0x00000000d5f80000,0x00000000d5f80000,0x00000000e4000000)
  from space 217088K, 99% used [0x00000000f2c00000,0x00000000ffff8910,0x0000000100000000)
  to   space 229376K, 0% used [0x00000000e4000000,0x00000000e4000000,0x00000000f2000000)
 ParOldGen       total 263680K, used 153261K [0x0000000081e00000, 0x0000000091f80000, 0x00000000d5f80000)
  object space 263680K, 58% used [0x0000000081e00000,0x000000008b3ab700,0x0000000091f80000)
 Metaspace       used 19363K, capacity 19644K, committed 20096K, reserved 1067008K
  class space    used 2544K, capacity 2604K, committed 2688K, reserved 1048576K
}
Event: 5.615 GC heap before
{Heap before GC invocations=18 (full 3):
 PSYoungGen      total 446976K, used 446946K [0x00000000d5f80000, 0x0000000100000000, 0x0000000100000000)
  eden space 229888K, 100% used [0x00000000d5f80000,0x00000000e4000000,0x00000000e4000000)
  from space 217088K, 99% used [0x00000000f2c00000,0x00000000ffff8910,0x0000000100000000)
  to   space 229376K, 0% used [0x00000000e4000000,0x00000000e4000000,0x00000000f2000000)
 ParOldGen       total 263680K, used 153261K [0x0000000081e00000, 0x0000000091f80000, 0x00000000d5f80000)
  object space 263680K, 58% used [0x0000000081e00000,0x000000008b3ab700,0x0000000091f80000)
 Metaspace       used 19436K, capacity 19648K, committed 20096K, reserved 1067008K
  class space    used 2546K, capacity 2604K, committed 2688K, reserved 1048576K

Deoptimization events (10 events):
Event: 2.661 Thread 0x00000000028b5000 Uncommon trap: reason=class_check action=maybe_recompile pc=0x000000000309d408 method=org.apache.xmlbeans.impl.store.CharUtil.getString(Ljava/lang/Object;II)Ljava/lang/String; @ 55
Event: 3.913 Thread 0x00000000028b5000 Uncommon trap: reason=unstable_if action=reinterpret pc=0x00000000031f18b8 method=org.apache.xmlbeans.impl.store.Xobj.find_all_element_users(Ljavax/xml/namespace/QName;Ljava/util/List;)V @ 24
Event: 3.967 Thread 0x00000000028b5000 Uncommon trap: reason=class_check action=maybe_recompile pc=0x0000000003175f64 method=com.sun.org.apache.xerces.internal.impl.XMLDocumentFragmentScannerImpl.scanDocument(Z)Z @ 333
Event: 3.969 Thread 0x00000000028b5000 Uncommon trap: reason=class_check action=maybe_recompile pc=0x00000000031762d8 method=com.sun.org.apache.xerces.internal.impl.XMLDocumentFragmentScannerImpl.scanDocument(Z)Z @ 117
Event: 3.970 Thread 0x00000000028b5000 Uncommon trap: reason=class_check action=maybe_recompile pc=0x0000000003175f64 method=com.sun.org.apache.xerces.internal.impl.XMLDocumentFragmentScannerImpl.scanDocument(Z)Z @ 333
Event: 3.971 Thread 0x00000000028b5000 Uncommon trap: reason=class_check action=maybe_recompile pc=0x0000000003175f64 method=com.sun.org.apache.xerces.internal.impl.XMLDocumentFragmentScannerImpl.scanDocument(Z)Z @ 333
Event: 3.982 Thread 0x00000000028b5000 Uncommon trap: reason=unstable_if action=reinterpret pc=0x000000000328c708 method=org.apache.xmlbeans.impl.store.Locale$nthCache.distance(Lorg/apache/xmlbeans/impl/store/Xobj;Ljavax/xml/namespace/QName;Lorg/apache/xmlbeans/QNameSet;I)I @ 31
Event: 3.982 Thread 0x00000000028b5000 Uncommon trap: reason=unstable_if action=reinterpret pc=0x000000000326a80c method=org.apache.xmlbeans.impl.store.Locale$nthCache.distance(Lorg/apache/xmlbeans/impl/store/Xobj;Ljavax/xml/namespace/QName;Lorg/apache/xmlbeans/QNameSet;I)I @ 31
Event: 3.982 Thread 0x00000000028b5000 Uncommon trap: reason=unstable_if action=reinterpret pc=0x000000000327c9a4 method=org.apache.xmlbeans.impl.store.Locale$nthCache.fetch(Lorg/apache/xmlbeans/impl/store/Xobj;Ljavax/xml/namespace/QName;Lorg/apache/xmlbeans/QNameSet;I)Lorg/apache/xmlbeans/imp
Event: 3.982 Thread 0x00000000028b5000 Uncommon trap: reason=unstable_if action=reinterpret pc=0x000000000328e3c8 method=org.apache.xmlbeans.impl.store.Locale$nthCache.distance(Lorg/apache/xmlbeans/impl/store/Xobj;Ljavax/xml/namespace/QName;Lorg/apache/xmlbeans/QNameSet;I)I @ 31

Classes redefined (0 events):
No events

Internal exceptions (10 events):
Event: 0.776 Thread 0x00000000028b5000 Exception <a 'java/lang/ClassNotFoundException': java/lang/ObjectCustomizer> (0x00000000d70dbc00) thrown at [C:\re\workspace\8-2-build-windows-amd64-cygwin\jdk8u191\11896\hotspot\src\share\vm\classfile\systemDictionary.cpp, line 210]
Event: 0.779 Thread 0x00000000028b5000 Exception <a 'java/lang/ClassNotFoundException': java/lang/EnumCustomizer> (0x00000000d70ec0a0) thrown at [C:\re\workspace\8-2-build-windows-amd64-cygwin\jdk8u191\11896\hotspot\src\share\vm\classfile\systemDictionary.cpp, line 210]
Event: 0.780 Thread 0x00000000028b5000 Exception <a 'java/lang/ClassNotFoundException': com/aventstack/extentreports/StatusCustomizer> (0x00000000d710d440) thrown at [C:\re\workspace\8-2-build-windows-amd64-cygwin\jdk8u191\11896\hotspot\src\share\vm\classfile\systemDictionary.cpp, line 210]
Event: 0.906 Thread 0x00000000028b5000 Implicit null exception at 0x0000000002caf6d8 to 0x0000000002caf766
Event: 1.123 Thread 0x00000000028b5000 Exception <a 'java/security/PrivilegedActionException'> (0x00000000d7569b68) thrown at [C:\re\workspace\8-2-build-windows-amd64-cygwin\jdk8u191\11896\hotspot\src\share\vm\prims\jvm.cpp, line 1435]
Event: 1.123 Thread 0x00000000028b5000 Exception <a 'java/security/PrivilegedActionException'> (0x00000000d756a330) thrown at [C:\re\workspace\8-2-build-windows-amd64-cygwin\jdk8u191\11896\hotspot\src\share\vm\prims\jvm.cpp, line 1435]
Event: 1.124 Thread 0x00000000028b5000 Exception <a 'java/security/PrivilegedActionException'> (0x00000000d75877d0) thrown at [C:\re\workspace\8-2-build-windows-amd64-cygwin\jdk8u191\11896\hotspot\src\share\vm\prims\jvm.cpp, line 1435]
Event: 1.124 Thread 0x00000000028b5000 Exception <a 'java/security/PrivilegedActionException'> (0x00000000d7587f98) thrown at [C:\re\workspace\8-2-build-windows-amd64-cygwin\jdk8u191\11896\hotspot\src\share\vm\prims\jvm.cpp, line 1435]
Event: 1.124 Thread 0x00000000028b5000 Exception <a 'java/security/PrivilegedActionException'> (0x00000000d7595368) thrown at [C:\re\workspace\8-2-build-windows-amd64-cygwin\jdk8u191\11896\hotspot\src\share\vm\prims\jvm.cpp, line 1435]
Event: 1.124 Thread 0x00000000028b5000 Exception <a 'java/security/PrivilegedActionException'> (0x00000000d7595b30) thrown at [C:\re\workspace\8-2-build-windows-amd64-cygwin\jdk8u191\11896\hotspot\src\share\vm\prims\jvm.cpp, line 1435]

Events (10 events):
Event: 5.521 loading class org/apache/xerces/util/SecurityManager done
Event: 5.522 loading class org/apache/xerces/util/SecurityManager
Event: 5.522 loading class org/apache/xerces/util/SecurityManager done
Event: 5.592 loading class org/apache/xerces/util/SecurityManager
Event: 5.592 loading class org/apache/xerces/util/SecurityManager done
Event: 5.594 loading class org/apache/xerces/util/SecurityManager
Event: 5.594 loading class org/apache/xerces/util/SecurityManager done
Event: 5.595 loading class org/apache/xerces/util/SecurityManager
Event: 5.595 loading class org/apache/xerces/util/SecurityManager done
Event: 5.615 Executing VM operation: ParallelGCFailedAllocation


Dynamic libraries:
0x00007ff7709d0000 - 0x00007ff770a07000 	C:\Program Files\Java\jre1.8.0_191\bin\javaw.exe
0x00007ff99ac50000 - 0x00007ff99ae44000 	C:\WINDOWS\SYSTEM32\ntdll.dll
0x00007ff998cc0000 - 0x00007ff998d7d000 	C:\WINDOWS\System32\KERNEL32.DLL
0x00007ff998990000 - 0x00007ff998c57000 	C:\WINDOWS\System32\KERNELBASE.dll
0x00007ff99a470000 - 0x00007ff99a51a000 	C:\WINDOWS\System32\ADVAPI32.dll
0x00007ff999780000 - 0x00007ff99981e000 	C:\WINDOWS\System32\msvcrt.dll
0x00007ff99a3d0000 - 0x00007ff99a46b000 	C:\WINDOWS\System32\sechost.dll
0x00007ff998ef0000 - 0x00007ff999013000 	C:\WINDOWS\System32\RPCRT4.dll
0x00007ff999f60000 - 0x00007ff99a100000 	C:\WINDOWS\System32\USER32.dll
0x00007ff998860000 - 0x00007ff998882000 	C:\WINDOWS\System32\win32u.dll
0x00007ff99ab60000 - 0x00007ff99ab8a000 	C:\WINDOWS\System32\GDI32.dll
0x00007ff998750000 - 0x00007ff99885a000 	C:\WINDOWS\System32\gdi32full.dll
0x00007ff9984a0000 - 0x00007ff99853d000 	C:\WINDOWS\System32\msvcp_win.dll
0x00007ff998890000 - 0x00007ff998990000 	C:\WINDOWS\System32\ucrtbase.dll
0x00007ff9858e0000 - 0x00007ff985b7a000 	C:\WINDOWS\WinSxS\amd64_microsoft.windows.common-controls_6595b64144ccf1df_6.0.19041.1_none_b555e41d4684ddec\COMCTL32.dll
0x00007ff998d80000 - 0x00007ff998db0000 	C:\WINDOWS\System32\IMM32.DLL
0x000000005d520000 - 0x000000005d5f2000 	C:\Program Files\Java\jre1.8.0_191\bin\msvcr100.dll
0x000000005d7d0000 - 0x000000005e074000 	C:\Program Files\Java\jre1.8.0_191\bin\server\jvm.dll
0x00007ff99a900000 - 0x00007ff99a908000 	C:\WINDOWS\System32\PSAPI.DLL
0x00007ff990e50000 - 0x00007ff990e5a000 	C:\WINDOWS\SYSTEM32\VERSION.dll
0x00007ff983ed0000 - 0x00007ff983ef7000 	C:\WINDOWS\SYSTEM32\WINMM.dll
0x00007ff941ff0000 - 0x00007ff941ff9000 	C:\WINDOWS\SYSTEM32\WSOCK32.dll
0x00007ff999710000 - 0x00007ff99977b000 	C:\WINDOWS\System32\WS2_32.dll
0x000000005d6e0000 - 0x000000005d6ef000 	C:\Program Files\Java\jre1.8.0_191\bin\verify.dll
0x000000005d6b0000 - 0x000000005d6d9000 	C:\Program Files\Java\jre1.8.0_191\bin\java.dll
0x000000005d690000 - 0x000000005d6a6000 	C:\Program Files\Java\jre1.8.0_191\bin\zip.dll
0x00007ff999820000 - 0x00007ff999f55000 	C:\WINDOWS\System32\SHELL32.dll
0x00007ff996530000 - 0x00007ff996cbf000 	C:\WINDOWS\SYSTEM32\windows.storage.dll
0x00007ff99a520000 - 0x00007ff99a873000 	C:\WINDOWS\System32\combase.dll
0x00007ff997d50000 - 0x00007ff997d7b000 	C:\WINDOWS\SYSTEM32\Wldp.dll
0x00007ff999660000 - 0x00007ff99970e000 	C:\WINDOWS\System32\SHCORE.dll
0x00007ff99ab00000 - 0x00007ff99ab55000 	C:\WINDOWS\System32\shlwapi.dll
0x00007ff9982e0000 - 0x00007ff9982ff000 	C:\WINDOWS\SYSTEM32\profapi.dll
0x000000005d670000 - 0x000000005d68a000 	C:\Program Files\Java\jre1.8.0_191\bin\net.dll
0x00007ff997ad0000 - 0x00007ff997b3a000 	C:\WINDOWS\system32\mswsock.dll
0x00007ff995c10000 - 0x00007ff995df4000 	C:\WINDOWS\SYSTEM32\dbghelp.dll
0x00007ff9983a0000 - 0x00007ff99841f000 	C:\WINDOWS\System32\bcryptPrimitives.dll

VM Arguments:
jvm_args: -ea -Dfile.encoding=UTF-8 
java_command: org.eclipse.jdt.internal.junit.runner.RemoteTestRunner -version 3 -port 56354 -testLoaderClass org.eclipse.jdt.internal.junit4.runner.JUnit4TestLoader -loaderpluginname org.eclipse.jdt.junit4.runtime -classNames com.Pathway_stage.TestRunner.TestRunnerclass
java_class_path (initial): F:\stage\Pathway_stage\target\test-classes;F:\stage\Pathway_stage\target\classes;C:\Users\saiku\Downloads\sikulixapi-2.0.4.jar;C:\Users\saiku\.m2\repository\org\seleniumhq\selenium\selenium-java\3.14.0\selenium-java-3.14.0.jar;C:\Users\saiku\.m2\repository\org\seleniumhq\selenium\selenium-api\3.14.0\selenium-api-3.14.0.jar;C:\Users\saiku\.m2\repository\org\seleniumhq\selenium\selenium-chrome-driver\3.14.0\selenium-chrome-driver-3.14.0.jar;C:\Users\saiku\.m2\repository\org\seleniumhq\selenium\selenium-edge-driver\3.14.0\selenium-edge-driver-3.14.0.jar;C:\Users\saiku\.m2\repository\org\seleniumhq\selenium\selenium-firefox-driver\3.14.0\selenium-firefox-driver-3.14.0.jar;C:\Users\saiku\.m2\repository\org\seleniumhq\selenium\selenium-ie-driver\3.14.0\selenium-ie-driver-3.14.0.jar;C:\Users\saiku\.m2\repository\org\seleniumhq\selenium\selenium-opera-driver\3.14.0\selenium-opera-driver-3.14.0.jar;C:\Users\saiku\.m2\repository\org\seleniumhq\selenium\selenium-remote-driver\3.14.0\selenium-remote-driver-3.14.0.jar;C:\Users\saiku\.m2\repository\org\seleniumhq\selenium\selenium-safari-driver\3.14.0\selenium-safari-driver-3.14.0.jar;C:\Users\saiku\.m2\repository\org\seleniumhq\selenium\selenium-support\3.14.0\selenium-support-3.14.0.jar;C:\Users\saiku\.m2\repository\net\bytebuddy\byte-buddy\1.8.15\byte-buddy-1.8.15.jar;C:\Users\saiku\.m2\repository\org\apache\commons\commons-exec\1.3\commons-exec-1.3.jar;C:\Users\saiku\.m2\repository\commons-codec\commons-codec\1.10\commons-codec-1.10.jar;C:\Users\saiku\.m2\repository\commons-logging\commons-logging\1.2\commons-logging-1.2.jar;C:\Users\saiku\.m2\repository\com\google\guava\guava\25.0-jre\guava-25.0-jre.jar;C:\Users\saiku\.m2\repository\com\google\code\findbugs\jsr305\1.3.9\jsr305-1.3.9.jar;C:\Users\saiku\.m2\repository\org\checkerframework\checker-compat-qual\2.0.0\checker-compat-qual-2.0.0.jar;C:\Users\saiku\.m2\repository\com\google\errorprone\error_prone_annotations\2.1.3\error_prone_annotations-
Launcher Type: SUN_STANDARD

Environment Variables:
JAVA_HOME=C:\Program Files\Java\jdk1.8.0_191
PATH=C:/Program Files/Java/jre1.8.0_191/bin/server;C:/Program Files/Java/jre1.8.0_191/bin;C:/Program Files/Java/jre1.8.0_191/lib/amd64;C:\Program Files (x86)\Common Files\Oracle\Java\javapath;C:\WINDOWS\system32;C:\WINDOWS;C:\WINDOWS\System32\Wbem;C:\WINDOWS\System32\WindowsPowerShell\v1.0\;C:\WINDOWS\System32\OpenSSH\;C:\Program Files\Java\jdk1.8.0_191\bin;C:\Users\saiku\Downloads\apache-maven-3.6.3-bin\apache-maven-3.6.3\bin;C:\Users\saiku\AppData\Local\Microsoft\WindowsApps;;C:\Users\saiku\Downloads\eclipse-java-photon-R-win32-x86_64\eclipse;
USERNAME=saikumar
OS=Windows_NT
PROCESSOR_IDENTIFIER=Intel64 Family 6 Model 142 Stepping 11, GenuineIntel



---------------  S Y S T E M  ---------------

OS: Windows 10.0 , 64 bit Build 19041 (10.0.19041.292)

CPU:total 8 (initial active 8) (4 cores per cpu, 2 threads per core) family 6 model 142 stepping 11, cmov, cx8, fxsr, mmx, sse, sse2, sse3, ssse3, sse4.1, sse4.2, popcnt, avx, avx2, aes, clmul, erms, 3dnowpref, lzcnt, ht, tsc, tscinvbit, bmi1, bmi2, adx

Memory: 4k page, physical 8264948k(952652k free), swap 13245684k(4637124k free)

vm_info: Java HotSpot(TM) 64-Bit Server VM (25.191-b12) for windows-amd64 JRE (1.8.0_191-b12), built on Oct  6 2018 09:29:03 by "java_re" with MS VC++ 10.0 (VS2010)

time: Mon Jul 27 17:47:53 2020
elapsed time: 5 seconds (0d 0h 0m 5s)

