#
# A fatal error has been detected by the Java Runtime Environment:
#
#  EXCEPTION_ACCESS_VIOLATION (0xc0000005) at pc=0x000000005d8e5348, pid=11400, tid=0x000000000000313c
#
# JRE version: Java(TM) SE Runtime Environment (8.0_191-b12) (build 1.8.0_191-b12)
# Java VM: Java HotSpot(TM) 64-Bit Server VM (25.191-b12 mixed mode windows-amd64 compressed oops)
# Problematic frame:
# V  [jvm.dll+0x115348]
#
# Failed to write core dump. Minidumps are not enabled by default on client versions of Windows
#
# If you would like to submit a bug report, please visit:
#   http://bugreport.java.com/bugreport/crash.jsp
#

---------------  T H R E A D  ---------------

Current thread (0x0000000002aeb800):  GCTaskThread [stack: 0x0000000012640000,0x0000000012740000] [id=12604]

siginfo: ExceptionCode=0xc0000005, reading address 0xffffffffffffffff

Registers:
RAX=0x0000000012e40000, RBX=0x0000000000040000, RCX=0x0000000000000000, RDX=0x0000000000000000
RSP=0x000000001273fc30, RBP=0x00000000f756572c, RSI=0x0000000002bc8020, RDI=0x0000000002bc8020
R8 =0x007fffffffbf1200, R9 =0x0000000100238050, R10=0x000000000000000c, R11=0x000000005ddd6708
R12=0x00000000f7565750, R13=0x00000001002389e0, R14=0x00000001002389f0, R15=0x00000000f75656f8
RIP=0x000000005d8e5348, EFLAGS=0x0000000000010246

Top of Stack: (sp=0x000000001273fc30)
0x000000001273fc30:   0000000100238050 00000000f7563e64
0x000000001273fc40:   0000000000000003 000000005d9ee7e2
0x000000001273fc50:   0000000000000000 0000000002aebc90
0x000000001273fc60:   0000000002ae2280 0000000000000000
0x000000001273fc70:   0000000000000acf 000000005dbca6b0
0x000000001273fc80:   00000000184fe6c0 0000000000000000
0x000000001273fc90:   0000000002bc8020 000000005de29998
0x000000001273fca0:   00000000f2a3e810 000000005dbce7b8
0x000000001273fcb0:   000000005dff3e30 0000000000000006
0x000000001273fcc0:   0000000000000000 0000aa79000007b5
0x000000001273fcd0:   00000000f2a3e7f8 000000005d8e5416
0x000000001273fce0:   00000000f2a3e810 0000000002ae2280
0x000000001273fcf0:   0000000002aebca0 0000000002aebc90
0x000000001273fd00:   000000005de29998 0000000000000000
0x000000001273fd10:   000000001c81e360 0000000000000000
0x000000001273fd20:   0000000002bc8020 000000005dbc7fef 

Instructions: (pc=0x000000005d8e5348)
0x000000005d8e5328:   05 03 eb 70 00 49 c1 e8 03 49 d3 e8 41 0f b6 c0
0x000000005d8e5338:   49 c1 e8 06 24 3f 0f b6 d0 48 8b 05 18 eb 70 00
0x000000005d8e5348:   4a 8b 0c c0 48 0f a3 d1 0f 82 59 01 00 00 0f b6
0x000000005d8e5358:   15 44 f7 6f 00 84 d2 74 16 44 8b 43 08 8b 0d fd 


Register to memory mapping:

RAX=0x0000000012e40000 is an unknown value
RBX=0x0000000000040000 is an unknown value
RCX=0x0000000000000000 is an unknown value
RDX=0x0000000000000000 is an unknown value
RSP=0x000000001273fc30 is an unknown value
RBP=0x00000000f756572c is an unknown value
RSI=0x0000000002bc8020 is an unknown value
RDI=0x0000000002bc8020 is an unknown value
R8 =0x007fffffffbf1200 is an unknown value
R9 =0x0000000100238050 is pointing into metadata
R10=0x000000000000000c is an unknown value
R11=0x000000005ddd6708 is an unknown value
R12=0x00000000f7565750 is an oop

[error occurred during error reporting (printing register info), id 0xc0000005]

Stack: [0x0000000012640000,0x0000000012740000],  sp=0x000000001273fc30,  free space=1023k
Native frames: (J=compiled Java code, j=interpreted, Vv=VM code, C=native code)
V  [jvm.dll+0x115348]
V  [jvm.dll+0x3fa6b0]
V  [jvm.dll+0x3f7fef]
V  [jvm.dll+0x3f54ce]
V  [jvm.dll+0x29eb9a]
C  [msvcr100.dll+0x21d9f]
C  [msvcr100.dll+0x21e3b]
C  [KERNEL32.DLL+0x16fd4]
C  [ntdll.dll+0x4cec1]


---------------  P R O C E S S  ---------------

Java Threads: ( => current thread )
  0x000000001aab4800 JavaThread "ReaderThread" [_thread_in_native, id=15764, stack(0x000000001b010000,0x000000001b110000)]
  0x0000000019ae6000 JavaThread "Service Thread" daemon [_thread_blocked, id=11144, stack(0x000000001a610000,0x000000001a710000)]
  0x0000000019a5f800 JavaThread "C1 CompilerThread3" daemon [_thread_blocked, id=7024, stack(0x000000001a510000,0x000000001a610000)]
  0x0000000019a48800 JavaThread "C2 CompilerThread2" daemon [_thread_blocked, id=8512, stack(0x000000001a410000,0x000000001a510000)]
  0x0000000019a46000 JavaThread "C2 CompilerThread1" daemon [_thread_blocked, id=8100, stack(0x000000001a310000,0x000000001a410000)]
  0x0000000019a42800 JavaThread "C2 CompilerThread0" daemon [_thread_blocked, id=1260, stack(0x000000001a210000,0x000000001a310000)]
  0x0000000019a41800 JavaThread "Attach Listener" daemon [_thread_blocked, id=13612, stack(0x000000001a110000,0x000000001a210000)]
  0x0000000019a40800 JavaThread "Signal Dispatcher" daemon [_thread_blocked, id=9756, stack(0x000000001a010000,0x000000001a110000)]
  0x0000000002bcd800 JavaThread "Finalizer" daemon [_thread_blocked, id=14884, stack(0x0000000019e10000,0x0000000019f10000)]
  0x0000000017b3d800 JavaThread "Reference Handler" daemon [_thread_blocked, id=16708, stack(0x0000000019910000,0x0000000019a10000)]
  0x0000000002ad5000 JavaThread "main" [_thread_blocked, id=8156, stack(0x00000000029d0000,0x0000000002ad0000)]

Other Threads:
  0x0000000017b39000 VMThread [stack: 0x0000000019810000,0x0000000019910000] [id=9232]
  0x0000000019b29800 WatcherThread [stack: 0x000000001a710000,0x000000001a810000] [id=14484]

=>0x0000000002aeb800 (exited) GCTaskThread [stack: 0x0000000012640000,0x0000000012740000] [id=12604]

VM state:at safepoint (normal execution)

VM Mutex/Monitor currently owned by a thread:  ([mutex/lock_event])
[0x0000000002ad19d0] Threads_lock - owner thread: 0x0000000017b39000
[0x0000000002ad2450] Heap_lock - owner thread: 0x0000000002ad5000

Heap:
 PSYoungGen      total 459264K, used 229371K [0x00000000d5f80000, 0x0000000100000000, 0x0000000100000000)
  eden space 229888K, 0% used [0x00000000d5f80000,0x00000000d5f80000,0x00000000e4000000)
  from space 229376K, 99% used [0x00000000f2000000,0x00000000ffffef50,0x0000000100000000)
  to   space 229376K, 0% used [0x00000000e4000000,0x00000000e4000000,0x00000000f2000000)
 ParOldGen       total 528384K, used 497288K [0x0000000081e00000, 0x00000000a2200000, 0x00000000d5f80000)
  object space 528384K, 94% used [0x0000000081e00000,0x00000000a03a2328,0x00000000a2200000)
 Metaspace       used 19429K, capacity 19648K, committed 20096K, reserved 1067008K
  class space    used 2535K, capacity 2604K, committed 2688K, reserved 1048576K

Card table byte_map: [0x0000000011f90000,0x0000000012390000] byte_map_base: 0x0000000011b81000

Marking Bits: (ParMarkBitMap*) 0x000000005dff3e30
 Begin Bits: [0x0000000012e40000, 0x0000000014dc8000)
 End Bits:   [0x0000000014dc8000, 0x0000000016d50000)

Polling page: 0x0000000000c10000

CodeCache: size=245760Kb used=10149Kb max_used=10164Kb free=235610Kb
 bounds [0x0000000002bd0000, 0x00000000035d0000, 0x0000000011bd0000]
 total_blobs=3050 nmethods=2675 adapters=287
 compilation: enabled

Compilation events (10 events):
Event: 5.682 Thread 0x0000000019a5f800 2710       1       com.sun.org.apache.xerces.internal.impl.XMLEntityManager::getCurrentEntity (5 bytes)
Event: 5.682 Thread 0x0000000019a5f800 nmethod 2710 0x00000000035bc110 code [0x00000000035bc260, 0x00000000035bc370]
Event: 5.682 Thread 0x0000000019a48800 nmethod 2711 0x00000000035bf310 code [0x00000000035bf480, 0x00000000035bf798]
Event: 5.691 Thread 0x0000000019a46000 2713       4       com.sun.org.apache.xerces.internal.impl.XMLEntityScanner::load (200 bytes)
Event: 5.692 Thread 0x0000000019a46000 nmethod 2713 0x00000000035bfb50 code [0x00000000035bfcc0, 0x00000000035bff28]
Event: 5.776 Thread 0x0000000019a42800 nmethod 2702 0x00000000035c3990 code [0x00000000035c3c00, 0x00000000035c5b80]
Event: 5.912 Thread 0x0000000019a5f800 2714       3       com.sun.org.apache.xerces.internal.impl.XMLDocumentFragmentScannerImpl$ElementStack2::<init> (59 bytes)
Event: 5.912 Thread 0x0000000019a5f800 nmethod 2714 0x00000000035be950 code [0x00000000035beae0, 0x00000000035bf0b0]
Event: 6.145 Thread 0x0000000019a48800 2715  s    4       java.io.ByteArrayInputStream::read (101 bytes)
Event: 6.147 Thread 0x0000000019a48800 nmethod 2715 0x00000000035bcbd0 code [0x00000000035bcd20, 0x00000000035bd238]

GC Heap History (10 events):
Event: 5.432 GC heap after
Heap after GC invocations=17 (full 3):
 PSYoungGen      total 440320K, used 92533K [0x00000000d5f80000, 0x0000000100000000, 0x0000000100000000)
  eden space 229888K, 0% used [0x00000000d5f80000,0x00000000d5f80000,0x00000000e4000000)
  from space 210432K, 43% used [0x00000000f3280000,0x00000000f8cdd5f0,0x0000000100000000)
  to   space 229376K, 0% used [0x00000000e4000000,0x00000000e4000000,0x00000000f2000000)
 ParOldGen       total 528384K, used 268157K [0x0000000081e00000, 0x00000000a2200000, 0x00000000d5f80000)
  object space 528384K, 50% used [0x0000000081e00000,0x00000000923df450,0x00000000a2200000)
 Metaspace       used 19356K, capacity 19644K, committed 20096K, reserved 1067008K
  class space    used 2533K, capacity 2604K, committed 2688K, reserved 1048576K
}
Event: 5.704 GC heap before
{Heap before GC invocations=18 (full 3):
 PSYoungGen      total 440320K, used 322421K [0x00000000d5f80000, 0x0000000100000000, 0x0000000100000000)
  eden space 229888K, 100% used [0x00000000d5f80000,0x00000000e4000000,0x00000000e4000000)
  from space 210432K, 43% used [0x00000000f3280000,0x00000000f8cdd5f0,0x0000000100000000)
  to   space 229376K, 0% used [0x00000000e4000000,0x00000000e4000000,0x00000000f2000000)
 ParOldGen       total 528384K, used 268157K [0x0000000081e00000, 0x00000000a2200000, 0x00000000d5f80000)
  object space 528384K, 50% used [0x0000000081e00000,0x00000000923df450,0x00000000a2200000)
 Metaspace       used 19429K, capacity 19648K, committed 20096K, reserved 1067008K
  class space    used 2535K, capacity 2604K, committed 2688K, reserved 1048576K
Event: 5.774 GC heap after
Heap after GC invocations=18 (full 3):
 PSYoungGen      total 459264K, used 70604K [0x00000000d5f80000, 0x00000000ffc80000, 0x0000000100000000)
  eden space 229888K, 0% used [0x00000000d5f80000,0x00000000d5f80000,0x00000000e4000000)
  from space 229376K, 30% used [0x00000000e4000000,0x00000000e84f33f8,0x00000000f2000000)
  to   space 218112K, 0% used [0x00000000f2780000,0x00000000f2780000,0x00000000ffc80000)
 ParOldGen       total 528384K, used 360781K [0x0000000081e00000, 0x00000000a2200000, 0x00000000d5f80000)
  object space 528384K, 68% used [0x0000000081e00000,0x0000000097e534d0,0x00000000a2200000)
 Metaspace       used 19429K, capacity 19648K, committed 20096K, reserved 1067008K
  class space    used 2535K, capacity 2604K, committed 2688K, reserved 1048576K
}
Event: 5.858 GC heap before
{Heap before GC invocations=19 (full 3):
 PSYoungGen      total 459264K, used 300492K [0x00000000d5f80000, 0x00000000ffc80000, 0x0000000100000000)
  eden space 229888K, 100% used [0x00000000d5f80000,0x00000000e4000000,0x00000000e4000000)
  from space 229376K, 30% used [0x00000000e4000000,0x00000000e84f33f8,0x00000000f2000000)
  to   space 218112K, 0% used [0x00000000f2780000,0x00000000f2780000,0x00000000ffc80000)
 ParOldGen       total 528384K, used 360781K [0x0000000081e00000, 0x00000000a2200000, 0x00000000d5f80000)
  object space 528384K, 68% used [0x0000000081e00000,0x0000000097e534d0,0x00000000a2200000)
 Metaspace       used 19429K, capacity 19648K, committed 20096K, reserved 1067008K
  class space    used 2535K, capacity 2604K, committed 2688K, reserved 1048576K
Event: 5.884 GC heap after
Heap after GC invocations=19 (full 3):
 PSYoungGen      total 427008K, used 73544K [0x00000000d5f80000, 0x00000000fdd00000, 0x0000000100000000)
  eden space 241152K, 0% used [0x00000000d5f80000,0x00000000d5f80000,0x00000000e4b00000)
  from space 185856K, 39% used [0x00000000f2780000,0x00000000f6f52230,0x00000000fdd00000)
  to   space 205824K, 0% used [0x00000000e4b00000,0x00000000e4b00000,0x00000000f1400000)
 ParOldGen       total 528384K, used 360781K [0x0000000081e00000, 0x00000000a2200000, 0x00000000d5f80000)
  object space 528384K, 68% used [0x0000000081e00000,0x0000000097e534d0,0x00000000a2200000)
 Metaspace       used 19429K, capacity 19648K, committed 20096K, reserved 1067008K
  class space    used 2535K, capacity 2604K, committed 2688K, reserved 1048576K
}
Event: 6.172 GC heap before
{Heap before GC invocations=20 (full 3):
 PSYoungGen      total 427008K, used 314696K [0x00000000d5f80000, 0x00000000fdd00000, 0x0000000100000000)
  eden space 241152K, 100% used [0x00000000d5f80000,0x00000000e4b00000,0x00000000e4b00000)
  from space 185856K, 39% used [0x00000000f2780000,0x00000000f6f52230,0x00000000fdd00000)
  to   space 205824K, 0% used [0x00000000e4b00000,0x00000000e4b00000,0x00000000f1400000)
 ParOldGen       total 528384K, used 360781K [0x0000000081e00000, 0x00000000a2200000, 0x00000000d5f80000)
  object space 528384K, 68% used [0x0000000081e00000,0x0000000097e534d0,0x00000000a2200000)
 Metaspace       used 19429K, capacity 19648K, committed 20096K, reserved 1067008K
  class space    used 2535K, capacity 2604K, committed 2688K, reserved 1048576K
Event: 6.230 GC heap after
Heap after GC invocations=20 (full 3):
 PSYoungGen      total 446976K, used 205812K [0x00000000d5f80000, 0x0000000100000000, 0x0000000100000000)
  eden space 241152K, 0% used [0x00000000d5f80000,0x00000000d5f80000,0x00000000e4b00000)
  from space 205824K, 99% used [0x00000000e4b00000,0x00000000f13fd118,0x00000000f1400000)
  to   space 229376K, 0% used [0x00000000f2000000,0x00000000f2000000,0x0000000100000000)
 ParOldGen       total 528384K, used 375853K [0x0000000081e00000, 0x00000000a2200000, 0x00000000d5f80000)
  object space 528384K, 71% used [0x0000000081e00000,0x0000000098d0b640,0x00000000a2200000)
 Metaspace       used 19429K, capacity 19648K, committed 20096K, reserved 1067008K
  class space    used 2535K, capacity 2604K, committed 2688K, reserved 1048576K
}
Event: 6.522 GC heap before
{Heap before GC invocations=21 (full 3):
 PSYoungGen      total 446976K, used 446964K [0x00000000d5f80000, 0x0000000100000000, 0x0000000100000000)
  eden space 241152K, 100% used [0x00000000d5f80000,0x00000000e4b00000,0x00000000e4b00000)
  from space 205824K, 99% used [0x00000000e4b00000,0x00000000f13fd118,0x00000000f1400000)
  to   space 229376K, 0% used [0x00000000f2000000,0x00000000f2000000,0x0000000100000000)
 ParOldGen       total 528384K, used 375853K [0x0000000081e00000, 0x00000000a2200000, 0x00000000d5f80000)
  object space 528384K, 71% used [0x0000000081e00000,0x0000000098d0b640,0x00000000a2200000)
 Metaspace       used 19429K, capacity 19648K, committed 20096K, reserved 1067008K
  class space    used 2535K, capacity 2604K, committed 2688K, reserved 1048576K
Event: 6.629 GC heap after
Heap after GC invocations=21 (full 3):
 PSYoungGen      total 459264K, used 229371K [0x00000000d5f80000, 0x0000000100000000, 0x0000000100000000)
  eden space 229888K, 0% used [0x00000000d5f80000,0x00000000d5f80000,0x00000000e4000000)
  from space 229376K, 99% used [0x00000000f2000000,0x00000000ffffef50,0x0000000100000000)
  to   space 229376K, 0% used [0x00000000e4000000,0x00000000e4000000,0x00000000f2000000)
 ParOldGen       total 528384K, used 497288K [0x0000000081e00000, 0x00000000a2200000, 0x00000000d5f80000)
  object space 528384K, 94% used [0x0000000081e00000,0x00000000a03a2328,0x00000000a2200000)
 Metaspace       used 19429K, capacity 19648K, committed 20096K, reserved 1067008K
  class space    used 2535K, capacity 2604K, committed 2688K, reserved 1048576K
}
Event: 6.629 GC heap before
{Heap before GC invocations=22 (full 4):
 PSYoungGen      total 459264K, used 229371K [0x00000000d5f80000, 0x0000000100000000, 0x0000000100000000)
  eden space 229888K, 0% used [0x00000000d5f80000,0x00000000d5f80000,0x00000000e4000000)
  from space 229376K, 99% used [0x00000000f2000000,0x00000000ffffef50,0x0000000100000000)
  to   space 229376K, 0% used [0x00000000e4000000,0x00000000e4000000,0x00000000f2000000)
 ParOldGen       total 528384K, used 497288K [0x0000000081e00000, 0x00000000a2200000, 0x00000000d5f80000)
  object space 528384K, 94% used [0x0000000081e00000,0x00000000a03a2328,0x00000000a2200000)
 Metaspace       used 19429K, capacity 19648K, committed 20096K, reserved 1067008K
  class space    used 2535K, capacity 2604K, committed 2688K, reserved 1048576K

Deoptimization events (10 events):
Event: 3.813 Thread 0x0000000002ad5000 Uncommon trap: reason=unstable_if action=reinterpret pc=0x00000000034df300 method=java.util.TreeMap.get(Ljava/lang/Object;)Ljava/lang/Object; @ 7
Event: 3.813 Thread 0x0000000002ad5000 Uncommon trap: reason=class_check action=maybe_recompile pc=0x00000000033abf98 method=com.sun.org.apache.xerces.internal.impl.XMLDocumentFragmentScannerImpl.scanDocument(Z)Z @ 117
Event: 3.815 Thread 0x0000000002ad5000 Uncommon trap: reason=class_check action=maybe_recompile pc=0x00000000033abc24 method=com.sun.org.apache.xerces.internal.impl.XMLDocumentFragmentScannerImpl.scanDocument(Z)Z @ 333
Event: 3.816 Thread 0x0000000002ad5000 Uncommon trap: reason=class_check action=maybe_recompile pc=0x00000000033abc24 method=com.sun.org.apache.xerces.internal.impl.XMLDocumentFragmentScannerImpl.scanDocument(Z)Z @ 333
Event: 3.830 Thread 0x0000000002ad5000 Uncommon trap: reason=unstable_if action=reinterpret pc=0x00000000034c4548 method=org.apache.xmlbeans.impl.store.Locale$nthCache.distance(Lorg/apache/xmlbeans/impl/store/Xobj;Ljavax/xml/namespace/QName;Lorg/apache/xmlbeans/QNameSet;I)I @ 31
Event: 3.830 Thread 0x0000000002ad5000 Uncommon trap: reason=unstable_if action=reinterpret pc=0x00000000034a818c method=org.apache.xmlbeans.impl.store.Locale$nthCache.distance(Lorg/apache/xmlbeans/impl/store/Xobj;Ljavax/xml/namespace/QName;Lorg/apache/xmlbeans/QNameSet;I)I @ 31
Event: 3.830 Thread 0x0000000002ad5000 Uncommon trap: reason=unstable_if action=reinterpret pc=0x00000000034d8120 method=org.apache.xmlbeans.impl.store.Locale$nthCache.fetch(Lorg/apache/xmlbeans/impl/store/Xobj;Ljavax/xml/namespace/QName;Lorg/apache/xmlbeans/QNameSet;I)Lorg/apache/xmlbeans/imp
Event: 3.837 Thread 0x0000000002ad5000 Uncommon trap: reason=unstable_if action=reinterpret pc=0x00000000034d2074 method=org.apache.xmlbeans.impl.store.Locale.count(Lorg/apache/xmlbeans/impl/store/Xobj;Ljavax/xml/namespace/QName;Lorg/apache/xmlbeans/QNameSet;)I @ 39
Event: 3.837 Thread 0x0000000002ad5000 Uncommon trap: reason=unstable_if action=reinterpret pc=0x00000000034cf7fc method=org.apache.xmlbeans.impl.store.Locale$nthCache.distance(Lorg/apache/xmlbeans/impl/store/Xobj;Ljavax/xml/namespace/QName;Lorg/apache/xmlbeans/QNameSet;I)I @ 31
Event: 4.040 Thread 0x0000000002ad5000 Uncommon trap: reason=unstable_if action=reinterpret pc=0x00000000033d5a6c method=org.apache.xmlbeans.impl.store.Saver.processElement()V @ 120

Classes redefined (0 events):
No events

Internal exceptions (10 events):
Event: 0.777 Thread 0x0000000002ad5000 Exception <a 'java/lang/ClassNotFoundException': java/lang/ObjectCustomizer> (0x00000000d712daf0) thrown at [C:\re\workspace\8-2-build-windows-amd64-cygwin\jdk8u191\11896\hotspot\src\share\vm\classfile\systemDictionary.cpp, line 210]
Event: 0.780 Thread 0x0000000002ad5000 Exception <a 'java/lang/ClassNotFoundException': java/lang/EnumCustomizer> (0x00000000d713df90) thrown at [C:\re\workspace\8-2-build-windows-amd64-cygwin\jdk8u191\11896\hotspot\src\share\vm\classfile\systemDictionary.cpp, line 210]
Event: 0.782 Thread 0x0000000002ad5000 Exception <a 'java/lang/ClassNotFoundException': com/aventstack/extentreports/StatusCustomizer> (0x00000000d715f330) thrown at [C:\re\workspace\8-2-build-windows-amd64-cygwin\jdk8u191\11896\hotspot\src\share\vm\classfile\systemDictionary.cpp, line 210]
Event: 0.906 Thread 0x0000000002ad5000 Implicit null exception at 0x0000000002ed3458 to 0x0000000002ed34e6
Event: 1.119 Thread 0x0000000002ad5000 Exception <a 'java/security/PrivilegedActionException'> (0x00000000d75b62a8) thrown at [C:\re\workspace\8-2-build-windows-amd64-cygwin\jdk8u191\11896\hotspot\src\share\vm\prims\jvm.cpp, line 1435]
Event: 1.119 Thread 0x0000000002ad5000 Exception <a 'java/security/PrivilegedActionException'> (0x00000000d75b6a70) thrown at [C:\re\workspace\8-2-build-windows-amd64-cygwin\jdk8u191\11896\hotspot\src\share\vm\prims\jvm.cpp, line 1435]
Event: 1.120 Thread 0x0000000002ad5000 Exception <a 'java/security/PrivilegedActionException'> (0x00000000d75d3f10) thrown at [C:\re\workspace\8-2-build-windows-amd64-cygwin\jdk8u191\11896\hotspot\src\share\vm\prims\jvm.cpp, line 1435]
Event: 1.120 Thread 0x0000000002ad5000 Exception <a 'java/security/PrivilegedActionException'> (0x00000000d75d46d8) thrown at [C:\re\workspace\8-2-build-windows-amd64-cygwin\jdk8u191\11896\hotspot\src\share\vm\prims\jvm.cpp, line 1435]
Event: 1.120 Thread 0x0000000002ad5000 Exception <a 'java/security/PrivilegedActionException'> (0x00000000d75e1aa8) thrown at [C:\re\workspace\8-2-build-windows-amd64-cygwin\jdk8u191\11896\hotspot\src\share\vm\prims\jvm.cpp, line 1435]
Event: 1.120 Thread 0x0000000002ad5000 Exception <a 'java/security/PrivilegedActionException'> (0x00000000d75e2270) thrown at [C:\re\workspace\8-2-build-windows-amd64-cygwin\jdk8u191\11896\hotspot\src\share\vm\prims\jvm.cpp, line 1435]

Events (10 events):
Event: 5.775 Executing VM operation: RevokeBias done
Event: 5.858 Executing VM operation: ParallelGCFailedAllocation
Event: 5.884 Executing VM operation: ParallelGCFailedAllocation done
Event: 5.911 loading class org/apache/xerces/util/SecurityManager
Event: 5.911 loading class org/apache/xerces/util/SecurityManager done
Event: 5.912 loading class org/apache/xerces/util/SecurityManager
Event: 5.912 loading class org/apache/xerces/util/SecurityManager done
Event: 6.172 Executing VM operation: ParallelGCFailedAllocation
Event: 6.230 Executing VM operation: ParallelGCFailedAllocation done
Event: 6.522 Executing VM operation: ParallelGCFailedAllocation


Dynamic libraries:
0x00007ff7709d0000 - 0x00007ff770a07000 	C:\Program Files\Java\jre1.8.0_191\bin\javaw.exe
0x00007ff99ac50000 - 0x00007ff99ae44000 	C:\WINDOWS\SYSTEM32\ntdll.dll
0x00007ff998cc0000 - 0x00007ff998d7d000 	C:\WINDOWS\System32\KERNEL32.DLL
0x00007ff998990000 - 0x00007ff998c57000 	C:\WINDOWS\System32\KERNELBASE.dll
0x00007ff99a470000 - 0x00007ff99a51a000 	C:\WINDOWS\System32\ADVAPI32.dll
0x00007ff999780000 - 0x00007ff99981e000 	C:\WINDOWS\System32\msvcrt.dll
0x00007ff99a3d0000 - 0x00007ff99a46b000 	C:\WINDOWS\System32\sechost.dll
0x00007ff998ef0000 - 0x00007ff999013000 	C:\WINDOWS\System32\RPCRT4.dll
0x00007ff999f60000 - 0x00007ff99a100000 	C:\WINDOWS\System32\USER32.dll
0x00007ff998860000 - 0x00007ff998882000 	C:\WINDOWS\System32\win32u.dll
0x00007ff99ab60000 - 0x00007ff99ab8a000 	C:\WINDOWS\System32\GDI32.dll
0x00007ff998750000 - 0x00007ff99885a000 	C:\WINDOWS\System32\gdi32full.dll
0x00007ff9984a0000 - 0x00007ff99853d000 	C:\WINDOWS\System32\msvcp_win.dll
0x00007ff998890000 - 0x00007ff998990000 	C:\WINDOWS\System32\ucrtbase.dll
0x00007ff9858e0000 - 0x00007ff985b7a000 	C:\WINDOWS\WinSxS\amd64_microsoft.windows.common-controls_6595b64144ccf1df_6.0.19041.1_none_b555e41d4684ddec\COMCTL32.dll
0x00007ff998d80000 - 0x00007ff998db0000 	C:\WINDOWS\System32\IMM32.DLL
0x000000005d520000 - 0x000000005d5f2000 	C:\Program Files\Java\jre1.8.0_191\bin\msvcr100.dll
0x000000005d7d0000 - 0x000000005e074000 	C:\Program Files\Java\jre1.8.0_191\bin\server\jvm.dll
0x00007ff99a900000 - 0x00007ff99a908000 	C:\WINDOWS\System32\PSAPI.DLL
0x00007ff983ed0000 - 0x00007ff983ef7000 	C:\WINDOWS\SYSTEM32\WINMM.dll
0x00007ff941ff0000 - 0x00007ff941ff9000 	C:\WINDOWS\SYSTEM32\WSOCK32.dll
0x00007ff990e50000 - 0x00007ff990e5a000 	C:\WINDOWS\SYSTEM32\VERSION.dll
0x00007ff999710000 - 0x00007ff99977b000 	C:\WINDOWS\System32\WS2_32.dll
0x000000005d6e0000 - 0x000000005d6ef000 	C:\Program Files\Java\jre1.8.0_191\bin\verify.dll
0x000000005d6b0000 - 0x000000005d6d9000 	C:\Program Files\Java\jre1.8.0_191\bin\java.dll
0x000000005d690000 - 0x000000005d6a6000 	C:\Program Files\Java\jre1.8.0_191\bin\zip.dll
0x00007ff999820000 - 0x00007ff999f55000 	C:\WINDOWS\System32\SHELL32.dll
0x00007ff996530000 - 0x00007ff996cbf000 	C:\WINDOWS\SYSTEM32\windows.storage.dll
0x00007ff99a520000 - 0x00007ff99a873000 	C:\WINDOWS\System32\combase.dll
0x00007ff997d50000 - 0x00007ff997d7b000 	C:\WINDOWS\SYSTEM32\Wldp.dll
0x00007ff999660000 - 0x00007ff99970e000 	C:\WINDOWS\System32\SHCORE.dll
0x00007ff99ab00000 - 0x00007ff99ab55000 	C:\WINDOWS\System32\shlwapi.dll
0x00007ff9982e0000 - 0x00007ff9982ff000 	C:\WINDOWS\SYSTEM32\profapi.dll
0x000000005d670000 - 0x000000005d68a000 	C:\Program Files\Java\jre1.8.0_191\bin\net.dll
0x00007ff997ad0000 - 0x00007ff997b3a000 	C:\WINDOWS\system32\mswsock.dll
0x00007ff995c10000 - 0x00007ff995df4000 	C:\WINDOWS\SYSTEM32\dbghelp.dll
0x00007ff9983a0000 - 0x00007ff99841f000 	C:\WINDOWS\System32\bcryptPrimitives.dll

VM Arguments:
jvm_args: -ea -Dfile.encoding=UTF-8 
java_command: org.eclipse.jdt.internal.junit.runner.RemoteTestRunner -version 3 -port 56336 -testLoaderClass org.eclipse.jdt.internal.junit4.runner.JUnit4TestLoader -loaderpluginname org.eclipse.jdt.junit4.runtime -classNames com.Pathway_stage.TestRunner.TestRunnerclass
java_class_path (initial): F:\stage\Pathway_stage\target\test-classes;F:\stage\Pathway_stage\target\classes;C:\Users\saiku\Downloads\sikulixapi-2.0.4.jar;C:\Users\saiku\.m2\repository\org\seleniumhq\selenium\selenium-java\3.14.0\selenium-java-3.14.0.jar;C:\Users\saiku\.m2\repository\org\seleniumhq\selenium\selenium-api\3.14.0\selenium-api-3.14.0.jar;C:\Users\saiku\.m2\repository\org\seleniumhq\selenium\selenium-chrome-driver\3.14.0\selenium-chrome-driver-3.14.0.jar;C:\Users\saiku\.m2\repository\org\seleniumhq\selenium\selenium-edge-driver\3.14.0\selenium-edge-driver-3.14.0.jar;C:\Users\saiku\.m2\repository\org\seleniumhq\selenium\selenium-firefox-driver\3.14.0\selenium-firefox-driver-3.14.0.jar;C:\Users\saiku\.m2\repository\org\seleniumhq\selenium\selenium-ie-driver\3.14.0\selenium-ie-driver-3.14.0.jar;C:\Users\saiku\.m2\repository\org\seleniumhq\selenium\selenium-opera-driver\3.14.0\selenium-opera-driver-3.14.0.jar;C:\Users\saiku\.m2\repository\org\seleniumhq\selenium\selenium-remote-driver\3.14.0\selenium-remote-driver-3.14.0.jar;C:\Users\saiku\.m2\repository\org\seleniumhq\selenium\selenium-safari-driver\3.14.0\selenium-safari-driver-3.14.0.jar;C:\Users\saiku\.m2\repository\org\seleniumhq\selenium\selenium-support\3.14.0\selenium-support-3.14.0.jar;C:\Users\saiku\.m2\repository\net\bytebuddy\byte-buddy\1.8.15\byte-buddy-1.8.15.jar;C:\Users\saiku\.m2\repository\org\apache\commons\commons-exec\1.3\commons-exec-1.3.jar;C:\Users\saiku\.m2\repository\commons-codec\commons-codec\1.10\commons-codec-1.10.jar;C:\Users\saiku\.m2\repository\commons-logging\commons-logging\1.2\commons-logging-1.2.jar;C:\Users\saiku\.m2\repository\com\google\guava\guava\25.0-jre\guava-25.0-jre.jar;C:\Users\saiku\.m2\repository\com\google\code\findbugs\jsr305\1.3.9\jsr305-1.3.9.jar;C:\Users\saiku\.m2\repository\org\checkerframework\checker-compat-qual\2.0.0\checker-compat-qual-2.0.0.jar;C:\Users\saiku\.m2\repository\com\google\errorprone\error_prone_annotations\2.1.3\error_prone_annotations-
Launcher Type: SUN_STANDARD

Environment Variables:
JAVA_HOME=C:\Program Files\Java\jdk1.8.0_191
PATH=C:/Program Files/Java/jre1.8.0_191/bin/server;C:/Program Files/Java/jre1.8.0_191/bin;C:/Program Files/Java/jre1.8.0_191/lib/amd64;C:\Program Files (x86)\Common Files\Oracle\Java\javapath;C:\WINDOWS\system32;C:\WINDOWS;C:\WINDOWS\System32\Wbem;C:\WINDOWS\System32\WindowsPowerShell\v1.0\;C:\WINDOWS\System32\OpenSSH\;C:\Program Files\Java\jdk1.8.0_191\bin;C:\Users\saiku\Downloads\apache-maven-3.6.3-bin\apache-maven-3.6.3\bin;C:\Users\saiku\AppData\Local\Microsoft\WindowsApps;;C:\Users\saiku\Downloads\eclipse-java-photon-R-win32-x86_64\eclipse;
USERNAME=saikumar
OS=Windows_NT
PROCESSOR_IDENTIFIER=Intel64 Family 6 Model 142 Stepping 11, GenuineIntel



---------------  S Y S T E M  ---------------

OS: Windows 10.0 , 64 bit Build 19041 (10.0.19041.292)

CPU:total 8 (initial active 8) (4 cores per cpu, 2 threads per core) family 6 model 142 stepping 11, cmov, cx8, fxsr, mmx, sse, sse2, sse3, ssse3, sse4.1, sse4.2, popcnt, avx, avx2, aes, clmul, erms, 3dnowpref, lzcnt, ht, tsc, tscinvbit, bmi1, bmi2, adx

Memory: 4k page, physical 8264948k(1038096k free), swap 13245684k(4721532k free)

vm_info: Java HotSpot(TM) 64-Bit Server VM (25.191-b12) for windows-amd64 JRE (1.8.0_191-b12), built on Oct  6 2018 09:29:03 by "java_re" with MS VC++ 10.0 (VS2010)

time: Mon Jul 27 17:46:05 2020
elapsed time: 6 seconds (0d 0h 0m 6s)

