#
# A fatal error has been detected by the Java Runtime Environment:
#
#  EXCEPTION_ACCESS_VIOLATION (0xc0000005) at pc=0x000000005d8e537b, pid=16500, tid=0x0000000000002468
#
# JRE version: Java(TM) SE Runtime Environment (8.0_191-b12) (build 1.8.0_191-b12)
# Java VM: Java HotSpot(TM) 64-Bit Server VM (25.191-b12 mixed mode windows-amd64 compressed oops)
# Problematic frame:
# V  [jvm.dll+0x11537b]
#
# Failed to write core dump. Minidumps are not enabled by default on client versions of Windows
#
# If you would like to submit a bug report, please visit:
#   http://bugreport.java.com/bugreport/crash.jsp
#

---------------  T H R E A D  ---------------

Current thread (0x00000000032fb800):  GCTaskThread [stack: 0x0000000012e50000,0x0000000012f50000] [id=9320]

siginfo: ExceptionCode=0xc0000005, reading address 0x0000000001900198

Registers:
RAX=0x0000000013650000, RBX=0x00000000ef4f0ce0, RCX=0x0000000000000003, RDX=0x0000000000000001
RSP=0x0000000012f4f8c0, RBP=0x00000000ef84a034, RSI=0x00000000033d8250, RDI=0x00000000033d8250
R8 =0x0000000001900190, R9 =0x0000000100235540, R10=0x000000000000000c, R11=0x000000005ddd6708
R12=0x00000000ef84a048, R13=0x0000000100235e00, R14=0x0000000100235e08, R15=0x00000000ef849ff0
RIP=0x000000005d8e537b, EFLAGS=0x0000000000010206

Top of Stack: (sp=0x0000000012f4f8c0)
0x0000000012f4f8c0:   0000000100235540 00000000ef8105d0
0x0000000012f4f8d0:   000000000000000c 000000005d9ee7e2
0x0000000012f4f8e0:   0000000000000000 00000000032fbc90
0x0000000012f4f8f0:   00000000032f2bc0 0000000000000000
0x0000000012f4f900:   0000000000000bb2 000000005dbca6b0
0x0000000012f4f910:   0000000018d13dd8 0000000000000000
0x0000000012f4f920:   00000000033d8250 000000005de29998
0x0000000012f4f930:   00000000ea2e5a98 000000005dbce7b8
0x0000000012f4f940:   000000005dff3e30 0000000000000003
0x0000000012f4f950:   0000000000000000 00004eaa00000ba4
0x0000000012f4f960:   00000000e9c37f58 000000005d8e5416
0x0000000012f4f970:   00000000ea2e5a98 00000000032f2bc0
0x0000000012f4f980:   00000000032fbca0 00000000032fbc90
0x0000000012f4f990:   000000005de29998 0000000000000000
0x0000000012f4f9a0:   000000001c444500 0000000000000000
0x0000000012f4f9b0:   00000000033d8250 000000005dbc7fef 

Instructions: (pc=0x000000005d8e537b)
0x000000005d8e535b:   6f 00 84 d2 74 16 44 8b 43 08 8b 0d fd 24 69 00
0x000000005d8e536b:   49 d3 e0 4c 03 05 eb 24 69 00 eb 04 4c 8b 43 08
0x000000005d8e537b:   45 8b 48 08 45 85 c9 7e 0c 41 f6 c1 01 75 4b 41
0x000000005d8e538b:   c1 f9 03 eb 57 79 43 84 d2 41 8b c9 b8 10 00 00 


Register to memory mapping:

RAX=0x0000000013650000 is an unknown value
RBX=0x00000000ef4f0ce0 is an oop

[error occurred during error reporting (printing register info), id 0xc0000005]

Stack: [0x0000000012e50000,0x0000000012f50000],  sp=0x0000000012f4f8c0,  free space=1022k
Native frames: (J=compiled Java code, j=interpreted, Vv=VM code, C=native code)
V  [jvm.dll+0x11537b]
V  [jvm.dll+0x3fa6b0]
V  [jvm.dll+0x3f7fef]
V  [jvm.dll+0x3f54ce]
V  [jvm.dll+0x29eb9a]
C  [msvcr100.dll+0x21d9f]
C  [msvcr100.dll+0x21e3b]
C  [KERNEL32.DLL+0x16fd4]
C  [ntdll.dll+0x4cec1]


---------------  P R O C E S S  ---------------

Java Threads: ( => current thread )
  0x000000001b2c1000 JavaThread "ReaderThread" [_thread_in_native, id=1204, stack(0x000000001b830000,0x000000001b930000)]
  0x000000001a306800 JavaThread "Service Thread" daemon [_thread_blocked, id=15948, stack(0x000000001ae30000,0x000000001af30000)]
  0x000000001a27d800 JavaThread "C1 CompilerThread3" daemon [_thread_blocked, id=3436, stack(0x000000001ad30000,0x000000001ae30000)]
  0x000000001a272000 JavaThread "C2 CompilerThread2" daemon [_thread_blocked, id=7088, stack(0x000000001ac30000,0x000000001ad30000)]
  0x000000001a26f000 JavaThread "C2 CompilerThread1" daemon [_thread_blocked, id=4088, stack(0x000000001ab30000,0x000000001ac30000)]
  0x000000001a262800 JavaThread "C2 CompilerThread0" daemon [_thread_blocked, id=9820, stack(0x000000001aa30000,0x000000001ab30000)]
  0x000000001a261800 JavaThread "Attach Listener" daemon [_thread_blocked, id=532, stack(0x000000001a930000,0x000000001aa30000)]
  0x000000001a260800 JavaThread "Signal Dispatcher" daemon [_thread_blocked, id=9096, stack(0x000000001a830000,0x000000001a930000)]
  0x00000000033de000 JavaThread "Finalizer" daemon [_thread_blocked, id=11496, stack(0x000000001a630000,0x000000001a730000)]
  0x00000000033dd000 JavaThread "Reference Handler" daemon [_thread_blocked, id=2176, stack(0x000000001a130000,0x000000001a230000)]
  0x00000000032e5000 JavaThread "main" [_thread_blocked, id=16636, stack(0x00000000031e0000,0x00000000032e0000)]

Other Threads:
  0x0000000018349800 VMThread [stack: 0x000000001a030000,0x000000001a130000] [id=5684]
  0x000000001a350000 WatcherThread [stack: 0x000000001af30000,0x000000001b030000] [id=10836]

=>0x00000000032fb800 (exited) GCTaskThread [stack: 0x0000000012e50000,0x0000000012f50000] [id=9320]

VM state:at safepoint (normal execution)

VM Mutex/Monitor currently owned by a thread:  ([mutex/lock_event])
[0x00000000032e19d0] Threads_lock - owner thread: 0x0000000018349800
[0x00000000032e22d0] Heap_lock - owner thread: 0x00000000032e5000

Heap:
 PSYoungGen      total 479744K, used 156133K [0x00000000d5f80000, 0x0000000100000000, 0x0000000100000000)
  eden space 323584K, 0% used [0x00000000d5f80000,0x00000000d5f80000,0x00000000e9b80000)
  from space 156160K, 99% used [0x00000000e9b80000,0x00000000f33f96c0,0x00000000f3400000)
  to   space 208896K, 0% used [0x00000000f3400000,0x00000000f3400000,0x0000000100000000)
 ParOldGen       total 253440K, used 145726K [0x0000000081e00000, 0x0000000091580000, 0x00000000d5f80000)
  object space 253440K, 57% used [0x0000000081e00000,0x000000008ac4fa48,0x0000000091580000)
 Metaspace       used 19365K, capacity 19644K, committed 20096K, reserved 1067008K
  class space    used 2533K, capacity 2604K, committed 2688K, reserved 1048576K

Card table byte_map: [0x00000000127a0000,0x0000000012ba0000] byte_map_base: 0x0000000012391000

Marking Bits: (ParMarkBitMap*) 0x000000005dff3e30
 Begin Bits: [0x0000000013650000, 0x00000000155d8000)
 End Bits:   [0x00000000155d8000, 0x0000000017560000)

Polling page: 0x00000000017d0000

CodeCache: size=245760Kb used=9949Kb max_used=9960Kb free=235811Kb
 bounds [0x00000000033e0000, 0x0000000003db0000, 0x00000000123e0000]
 total_blobs=2954 nmethods=2579 adapters=287
 compilation: enabled

Compilation events (10 events):
Event: 4.370 Thread 0x000000001a26f000 nmethod 2598 0x00000000034e01d0 code [0x00000000034e0340, 0x00000000034e04f8]
Event: 4.374 Thread 0x000000001a262800 nmethod 2588 0x0000000003d88fd0 code [0x0000000003d89180, 0x0000000003d89a28]
Event: 4.543 Thread 0x000000001a272000 2605       4       com.sun.org.apache.xerces.internal.impl.XMLDocumentScannerImpl::refresh (71 bytes)
Event: 4.553 Thread 0x000000001a272000 nmethod 2605 0x0000000003d5b250 code [0x0000000003d5b3e0, 0x0000000003d5be38]
Event: 4.569 Thread 0x000000001a26f000 2606       4       com.sun.org.apache.xerces.internal.impl.XMLEntityScanner::invokeListeners (37 bytes)
Event: 4.571 Thread 0x000000001a26f000 nmethod 2606 0x0000000003d8a990 code [0x0000000003d8aae0, 0x0000000003d8ac68]
Event: 4.733 Thread 0x000000001a262800 2607  s    4       java.io.ByteArrayInputStream::read (101 bytes)
Event: 4.735 Thread 0x000000001a262800 nmethod 2607 0x00000000034ee0d0 code [0x00000000034ee220, 0x00000000034ee738]
Event: 4.775 Thread 0x000000001a272000 2608   !   4       sun.reflect.GeneratedConstructorAccessor6::newInstance (53 bytes)
Event: 4.776 Thread 0x000000001a272000 nmethod 2608 0x00000000034edbd0 code [0x00000000034edd40, 0x00000000034edee8]

GC Heap History (10 events):
Event: 3.624 GC heap after
Heap after GC invocations=12 (full 2):
 PSYoungGen      total 352768K, used 75808K [0x00000000d5f80000, 0x00000000f5f00000, 0x0000000100000000)
  eden space 269824K, 0% used [0x00000000d5f80000,0x00000000d5f80000,0x00000000e6700000)
  from space 82944K, 91% used [0x00000000f0e00000,0x00000000f5808090,0x00000000f5f00000)
  to   space 126976K, 0% used [0x00000000e6700000,0x00000000e6700000,0x00000000ee300000)
 ParOldGen       total 455680K, used 272272K [0x0000000081e00000, 0x000000009db00000, 0x00000000d5f80000)
  object space 455680K, 59% used [0x0000000081e00000,0x00000000927e4330,0x000000009db00000)
 Metaspace       used 19151K, capacity 19416K, committed 19840K, reserved 1067008K
  class space    used 2517K, capacity 2598K, committed 2688K, reserved 1048576K
}
Event: 4.004 GC heap before
{Heap before GC invocations=13 (full 2):
 PSYoungGen      total 352768K, used 345632K [0x00000000d5f80000, 0x00000000f5f00000, 0x0000000100000000)
  eden space 269824K, 100% used [0x00000000d5f80000,0x00000000e6700000,0x00000000e6700000)
  from space 82944K, 91% used [0x00000000f0e00000,0x00000000f5808090,0x00000000f5f00000)
  to   space 126976K, 0% used [0x00000000e6700000,0x00000000e6700000,0x00000000ee300000)
 ParOldGen       total 455680K, used 272272K [0x0000000081e00000, 0x000000009db00000, 0x00000000d5f80000)
  object space 455680K, 59% used [0x0000000081e00000,0x00000000927e4330,0x000000009db00000)
 Metaspace       used 19359K, capacity 19644K, committed 20096K, reserved 1067008K
  class space    used 2533K, capacity 2604K, committed 2688K, reserved 1048576K
Event: 4.084 GC heap after
Heap after GC invocations=13 (full 2):
 PSYoungGen      total 396800K, used 126965K [0x00000000d5f80000, 0x00000000fd200000, 0x0000000100000000)
  eden space 269824K, 0% used [0x00000000d5f80000,0x00000000d5f80000,0x00000000e6700000)
  from space 126976K, 99% used [0x00000000e6700000,0x00000000ee2fd640,0x00000000ee300000)
  to   space 161792K, 0% used [0x00000000f3400000,0x00000000f3400000,0x00000000fd200000)
 ParOldGen       total 455680K, used 303677K [0x0000000081e00000, 0x000000009db00000, 0x00000000d5f80000)
  object space 455680K, 66% used [0x0000000081e00000,0x000000009468f540,0x000000009db00000)
 Metaspace       used 19359K, capacity 19644K, committed 20096K, reserved 1067008K
  class space    used 2533K, capacity 2604K, committed 2688K, reserved 1048576K
}
Event: 4.232 GC heap before
{Heap before GC invocations=14 (full 2):
 PSYoungGen      total 396800K, used 396789K [0x00000000d5f80000, 0x00000000fd200000, 0x0000000100000000)
  eden space 269824K, 100% used [0x00000000d5f80000,0x00000000e6700000,0x00000000e6700000)
  from space 126976K, 99% used [0x00000000e6700000,0x00000000ee2fd640,0x00000000ee300000)
  to   space 161792K, 0% used [0x00000000f3400000,0x00000000f3400000,0x00000000fd200000)
 ParOldGen       total 455680K, used 303677K [0x0000000081e00000, 0x000000009db00000, 0x00000000d5f80000)
  object space 455680K, 66% used [0x0000000081e00000,0x000000009468f540,0x000000009db00000)
 Metaspace       used 19359K, capacity 19644K, committed 20096K, reserved 1067008K
  class space    used 2533K, capacity 2604K, committed 2688K, reserved 1048576K
Event: 4.299 GC heap after
Heap after GC invocations=14 (full 2):
 PSYoungGen      total 485376K, used 66976K [0x00000000d5f80000, 0x00000000fd700000, 0x0000000100000000)
  eden space 323584K, 0% used [0x00000000d5f80000,0x00000000d5f80000,0x00000000e9b80000)
  from space 161792K, 41% used [0x00000000f3400000,0x00000000f75683d8,0x00000000fd200000)
  to   space 156160K, 0% used [0x00000000e9b80000,0x00000000e9b80000,0x00000000f3400000)
 ParOldGen       total 455680K, used 367605K [0x0000000081e00000, 0x000000009db00000, 0x00000000d5f80000)
  object space 455680K, 80% used [0x0000000081e00000,0x00000000984fd5d0,0x000000009db00000)
 Metaspace       used 19359K, capacity 19644K, committed 20096K, reserved 1067008K
  class space    used 2533K, capacity 2604K, committed 2688K, reserved 1048576K
}
Event: 4.299 GC heap before
{Heap before GC invocations=15 (full 3):
 PSYoungGen      total 485376K, used 66976K [0x00000000d5f80000, 0x00000000fd700000, 0x0000000100000000)
  eden space 323584K, 0% used [0x00000000d5f80000,0x00000000d5f80000,0x00000000e9b80000)
  from space 161792K, 41% used [0x00000000f3400000,0x00000000f75683d8,0x00000000fd200000)
  to   space 156160K, 0% used [0x00000000e9b80000,0x00000000e9b80000,0x00000000f3400000)
 ParOldGen       total 455680K, used 367605K [0x0000000081e00000, 0x000000009db00000, 0x00000000d5f80000)
  object space 455680K, 80% used [0x0000000081e00000,0x00000000984fd5d0,0x000000009db00000)
 Metaspace       used 19359K, capacity 19644K, committed 20096K, reserved 1067008K
  class space    used 2533K, capacity 2604K, committed 2688K, reserved 1048576K
Event: 4.350 GC heap after
Heap after GC invocations=15 (full 3):
 PSYoungGen      total 485376K, used 0K [0x00000000d5f80000, 0x00000000fd700000, 0x0000000100000000)
  eden space 323584K, 0% used [0x00000000d5f80000,0x00000000d5f80000,0x00000000e9b80000)
  from space 161792K, 0% used [0x00000000f3400000,0x00000000f3400000,0x00000000fd200000)
  to   space 156160K, 0% used [0x00000000e9b80000,0x00000000e9b80000,0x00000000f3400000)
 ParOldGen       total 253440K, used 40315K [0x0000000081e00000, 0x0000000091580000, 0x00000000d5f80000)
  object space 253440K, 15% used [0x0000000081e00000,0x000000008455ecc8,0x0000000091580000)
 Metaspace       used 19359K, capacity 19644K, committed 20096K, reserved 1067008K
  class space    used 2533K, capacity 2604K, committed 2688K, reserved 1048576K
}
Event: 4.782 GC heap before
{Heap before GC invocations=16 (full 3):
 PSYoungGen      total 485376K, used 323584K [0x00000000d5f80000, 0x00000000fd700000, 0x0000000100000000)
  eden space 323584K, 100% used [0x00000000d5f80000,0x00000000e9b80000,0x00000000e9b80000)
  from space 161792K, 0% used [0x00000000f3400000,0x00000000f3400000,0x00000000fd200000)
  to   space 156160K, 0% used [0x00000000e9b80000,0x00000000e9b80000,0x00000000f3400000)
 ParOldGen       total 253440K, used 40315K [0x0000000081e00000, 0x0000000091580000, 0x00000000d5f80000)
  object space 253440K, 15% used [0x0000000081e00000,0x000000008455ecc8,0x0000000091580000)
 Metaspace       used 19365K, capacity 19644K, committed 20096K, reserved 1067008K
  class space    used 2533K, capacity 2604K, committed 2688K, reserved 1048576K
Event: 4.841 GC heap after
Heap after GC invocations=16 (full 3):
 PSYoungGen      total 479744K, used 156133K [0x00000000d5f80000, 0x0000000100000000, 0x0000000100000000)
  eden space 323584K, 0% used [0x00000000d5f80000,0x00000000d5f80000,0x00000000e9b80000)
  from space 156160K, 99% used [0x00000000e9b80000,0x00000000f33f96c0,0x00000000f3400000)
  to   space 208896K, 0% used [0x00000000f3400000,0x00000000f3400000,0x0000000100000000)
 ParOldGen       total 253440K, used 145726K [0x0000000081e00000, 0x0000000091580000, 0x00000000d5f80000)
  object space 253440K, 57% used [0x0000000081e00000,0x000000008ac4fa48,0x0000000091580000)
 Metaspace       used 19365K, capacity 19644K, committed 20096K, reserved 1067008K
  class space    used 2533K, capacity 2604K, committed 2688K, reserved 1048576K
}
Event: 4.841 GC heap before
{Heap before GC invocations=17 (full 4):
 PSYoungGen      total 479744K, used 156133K [0x00000000d5f80000, 0x0000000100000000, 0x0000000100000000)
  eden space 323584K, 0% used [0x00000000d5f80000,0x00000000d5f80000,0x00000000e9b80000)
  from space 156160K, 99% used [0x00000000e9b80000,0x00000000f33f96c0,0x00000000f3400000)
  to   space 208896K, 0% used [0x00000000f3400000,0x00000000f3400000,0x0000000100000000)
 ParOldGen       total 253440K, used 145726K [0x0000000081e00000, 0x0000000091580000, 0x00000000d5f80000)
  object space 253440K, 57% used [0x0000000081e00000,0x000000008ac4fa48,0x0000000091580000)
 Metaspace       used 19365K, capacity 19644K, committed 20096K, reserved 1067008K
  class space    used 2533K, capacity 2604K, committed 2688K, reserved 1048576K

Deoptimization events (10 events):
Event: 3.821 Thread 0x00000000032e5000 Uncommon trap: reason=unstable_if action=reinterpret pc=0x0000000003c690b4 method=org.apache.xmlbeans.impl.store.Xobj.find_all_element_users(Ljavax/xml/namespace/QName;Ljava/util/List;)V @ 24
Event: 3.876 Thread 0x00000000032e5000 Uncommon trap: reason=class_check action=maybe_recompile pc=0x0000000003bd5ce4 method=com.sun.org.apache.xerces.internal.impl.XMLDocumentFragmentScannerImpl.scanDocument(Z)Z @ 333
Event: 3.878 Thread 0x00000000032e5000 Uncommon trap: reason=class_check action=maybe_recompile pc=0x0000000003bd6058 method=com.sun.org.apache.xerces.internal.impl.XMLDocumentFragmentScannerImpl.scanDocument(Z)Z @ 117
Event: 3.879 Thread 0x00000000032e5000 Uncommon trap: reason=class_check action=maybe_recompile pc=0x0000000003bd5ce4 method=com.sun.org.apache.xerces.internal.impl.XMLDocumentFragmentScannerImpl.scanDocument(Z)Z @ 333
Event: 3.880 Thread 0x00000000032e5000 Uncommon trap: reason=class_check action=maybe_recompile pc=0x0000000003bd5ce4 method=com.sun.org.apache.xerces.internal.impl.XMLDocumentFragmentScannerImpl.scanDocument(Z)Z @ 333
Event: 3.891 Thread 0x00000000032e5000 Uncommon trap: reason=unstable_if action=reinterpret pc=0x0000000003cda088 method=org.apache.xmlbeans.impl.store.Locale$nthCache.distance(Lorg/apache/xmlbeans/impl/store/Xobj;Ljavax/xml/namespace/QName;Lorg/apache/xmlbeans/QNameSet;I)I @ 31
Event: 3.891 Thread 0x00000000032e5000 Uncommon trap: reason=unstable_if action=reinterpret pc=0x0000000003cca84c method=org.apache.xmlbeans.impl.store.Locale$nthCache.distance(Lorg/apache/xmlbeans/impl/store/Xobj;Ljavax/xml/namespace/QName;Lorg/apache/xmlbeans/QNameSet;I)I @ 31
Event: 3.891 Thread 0x00000000032e5000 Uncommon trap: reason=unstable_if action=reinterpret pc=0x0000000003ce0460 method=org.apache.xmlbeans.impl.store.Locale$nthCache.fetch(Lorg/apache/xmlbeans/impl/store/Xobj;Ljavax/xml/namespace/QName;Lorg/apache/xmlbeans/QNameSet;I)Lorg/apache/xmlbeans/imp
Event: 3.898 Thread 0x00000000032e5000 Uncommon trap: reason=unstable_if action=reinterpret pc=0x0000000003ce1474 method=org.apache.xmlbeans.impl.store.Locale.count(Lorg/apache/xmlbeans/impl/store/Xobj;Ljavax/xml/namespace/QName;Lorg/apache/xmlbeans/QNameSet;)I @ 39
Event: 3.898 Thread 0x00000000032e5000 Uncommon trap: reason=unstable_if action=reinterpret pc=0x0000000003cd8620 method=org.apache.xmlbeans.impl.store.Locale.count(Lorg/apache/xmlbeans/impl/store/Xobj;Ljavax/xml/namespace/QName;Lorg/apache/xmlbeans/QNameSet;)I @ 39

Classes redefined (0 events):
No events

Internal exceptions (10 events):
Event: 0.811 Thread 0x00000000032e5000 Exception <a 'java/lang/ClassNotFoundException': java/lang/ObjectCustomizer> (0x00000000d7085da8) thrown at [C:\re\workspace\8-2-build-windows-amd64-cygwin\jdk8u191\11896\hotspot\src\share\vm\classfile\systemDictionary.cpp, line 210]
Event: 0.814 Thread 0x00000000032e5000 Exception <a 'java/lang/ClassNotFoundException': java/lang/EnumCustomizer> (0x00000000d7096248) thrown at [C:\re\workspace\8-2-build-windows-amd64-cygwin\jdk8u191\11896\hotspot\src\share\vm\classfile\systemDictionary.cpp, line 210]
Event: 0.815 Thread 0x00000000032e5000 Exception <a 'java/lang/ClassNotFoundException': com/aventstack/extentreports/StatusCustomizer> (0x00000000d70b7680) thrown at [C:\re\workspace\8-2-build-windows-amd64-cygwin\jdk8u191\11896\hotspot\src\share\vm\classfile\systemDictionary.cpp, line 210]
Event: 0.930 Thread 0x00000000032e5000 Implicit null exception at 0x00000000036f0b18 to 0x00000000036f0ba6
Event: 1.146 Thread 0x00000000032e5000 Exception <a 'java/security/PrivilegedActionException'> (0x00000000d75137f8) thrown at [C:\re\workspace\8-2-build-windows-amd64-cygwin\jdk8u191\11896\hotspot\src\share\vm\prims\jvm.cpp, line 1435]
Event: 1.146 Thread 0x00000000032e5000 Exception <a 'java/security/PrivilegedActionException'> (0x00000000d7513fc0) thrown at [C:\re\workspace\8-2-build-windows-amd64-cygwin\jdk8u191\11896\hotspot\src\share\vm\prims\jvm.cpp, line 1435]
Event: 1.147 Thread 0x00000000032e5000 Exception <a 'java/security/PrivilegedActionException'> (0x00000000d7531460) thrown at [C:\re\workspace\8-2-build-windows-amd64-cygwin\jdk8u191\11896\hotspot\src\share\vm\prims\jvm.cpp, line 1435]
Event: 1.147 Thread 0x00000000032e5000 Exception <a 'java/security/PrivilegedActionException'> (0x00000000d7531c28) thrown at [C:\re\workspace\8-2-build-windows-amd64-cygwin\jdk8u191\11896\hotspot\src\share\vm\prims\jvm.cpp, line 1435]
Event: 1.147 Thread 0x00000000032e5000 Exception <a 'java/security/PrivilegedActionException'> (0x00000000d753eff8) thrown at [C:\re\workspace\8-2-build-windows-amd64-cygwin\jdk8u191\11896\hotspot\src\share\vm\prims\jvm.cpp, line 1435]
Event: 1.147 Thread 0x00000000032e5000 Exception <a 'java/security/PrivilegedActionException'> (0x00000000d753f7c0) thrown at [C:\re\workspace\8-2-build-windows-amd64-cygwin\jdk8u191\11896\hotspot\src\share\vm\prims\jvm.cpp, line 1435]

Events (10 events):
Event: 4.090 Thread 0x000000001a272000 flushing nmethod 0x00000000034f7c90
Event: 4.232 Executing VM operation: ParallelGCFailedAllocation
Event: 4.350 Executing VM operation: ParallelGCFailedAllocation done
Event: 4.364 loading class org/apache/xerces/util/SecurityManager
Event: 4.364 loading class org/apache/xerces/util/SecurityManager done
Event: 4.365 loading class org/apache/xerces/util/SecurityManager
Event: 4.365 loading class org/apache/xerces/util/SecurityManager done
Event: 4.778 Thread 0x00000000032e5000 DEOPT PACKING pc=0x0000000003d1fbcb sp=0x00000000032dd970
Event: 4.778 Thread 0x00000000032e5000 DEOPT UNPACKING pc=0x0000000003427890 sp=0x00000000032dd6c0 mode 0
Event: 4.782 Executing VM operation: ParallelGCFailedAllocation


Dynamic libraries:
0x00007ff7709d0000 - 0x00007ff770a07000 	C:\Program Files\Java\jre1.8.0_191\bin\javaw.exe
0x00007ff99ac50000 - 0x00007ff99ae44000 	C:\WINDOWS\SYSTEM32\ntdll.dll
0x00007ff998cc0000 - 0x00007ff998d7d000 	C:\WINDOWS\System32\KERNEL32.DLL
0x00007ff998990000 - 0x00007ff998c57000 	C:\WINDOWS\System32\KERNELBASE.dll
0x00007ff99a470000 - 0x00007ff99a51a000 	C:\WINDOWS\System32\ADVAPI32.dll
0x00007ff999780000 - 0x00007ff99981e000 	C:\WINDOWS\System32\msvcrt.dll
0x00007ff99a3d0000 - 0x00007ff99a46b000 	C:\WINDOWS\System32\sechost.dll
0x00007ff998ef0000 - 0x00007ff999013000 	C:\WINDOWS\System32\RPCRT4.dll
0x00007ff999f60000 - 0x00007ff99a100000 	C:\WINDOWS\System32\USER32.dll
0x00007ff998860000 - 0x00007ff998882000 	C:\WINDOWS\System32\win32u.dll
0x00007ff99ab60000 - 0x00007ff99ab8a000 	C:\WINDOWS\System32\GDI32.dll
0x00007ff998750000 - 0x00007ff99885a000 	C:\WINDOWS\System32\gdi32full.dll
0x00007ff9984a0000 - 0x00007ff99853d000 	C:\WINDOWS\System32\msvcp_win.dll
0x00007ff998890000 - 0x00007ff998990000 	C:\WINDOWS\System32\ucrtbase.dll
0x00007ff9858e0000 - 0x00007ff985b7a000 	C:\WINDOWS\WinSxS\amd64_microsoft.windows.common-controls_6595b64144ccf1df_6.0.19041.1_none_b555e41d4684ddec\COMCTL32.dll
0x00007ff998d80000 - 0x00007ff998db0000 	C:\WINDOWS\System32\IMM32.DLL
0x000000005d520000 - 0x000000005d5f2000 	C:\Program Files\Java\jre1.8.0_191\bin\msvcr100.dll
0x000000005d7d0000 - 0x000000005e074000 	C:\Program Files\Java\jre1.8.0_191\bin\server\jvm.dll
0x00007ff99a900000 - 0x00007ff99a908000 	C:\WINDOWS\System32\PSAPI.DLL
0x00007ff941ff0000 - 0x00007ff941ff9000 	C:\WINDOWS\SYSTEM32\WSOCK32.dll
0x00007ff999710000 - 0x00007ff99977b000 	C:\WINDOWS\System32\WS2_32.dll
0x00007ff983ed0000 - 0x00007ff983ef7000 	C:\WINDOWS\SYSTEM32\WINMM.dll
0x00007ff990e50000 - 0x00007ff990e5a000 	C:\WINDOWS\SYSTEM32\VERSION.dll
0x000000005d6e0000 - 0x000000005d6ef000 	C:\Program Files\Java\jre1.8.0_191\bin\verify.dll
0x000000005d6b0000 - 0x000000005d6d9000 	C:\Program Files\Java\jre1.8.0_191\bin\java.dll
0x000000005d690000 - 0x000000005d6a6000 	C:\Program Files\Java\jre1.8.0_191\bin\zip.dll
0x00007ff999820000 - 0x00007ff999f55000 	C:\WINDOWS\System32\SHELL32.dll
0x00007ff996530000 - 0x00007ff996cbf000 	C:\WINDOWS\SYSTEM32\windows.storage.dll
0x00007ff99a520000 - 0x00007ff99a873000 	C:\WINDOWS\System32\combase.dll
0x00007ff997d50000 - 0x00007ff997d7b000 	C:\WINDOWS\SYSTEM32\Wldp.dll
0x00007ff999660000 - 0x00007ff99970e000 	C:\WINDOWS\System32\SHCORE.dll
0x00007ff99ab00000 - 0x00007ff99ab55000 	C:\WINDOWS\System32\shlwapi.dll
0x00007ff9982e0000 - 0x00007ff9982ff000 	C:\WINDOWS\SYSTEM32\profapi.dll
0x000000005d670000 - 0x000000005d68a000 	C:\Program Files\Java\jre1.8.0_191\bin\net.dll
0x00007ff997ad0000 - 0x00007ff997b3a000 	C:\WINDOWS\system32\mswsock.dll
0x00007ff995c10000 - 0x00007ff995df4000 	C:\WINDOWS\SYSTEM32\dbghelp.dll
0x00007ff9983a0000 - 0x00007ff99841f000 	C:\WINDOWS\System32\bcryptPrimitives.dll

VM Arguments:
jvm_args: -ea -Dfile.encoding=UTF-8 
java_command: org.eclipse.jdt.internal.junit.runner.RemoteTestRunner -version 3 -port 56420 -testLoaderClass org.eclipse.jdt.internal.junit4.runner.JUnit4TestLoader -loaderpluginname org.eclipse.jdt.junit4.runtime -classNames com.Pathway_stage.TestRunner.TestRunnerclass
java_class_path (initial): F:\stage\Pathway_stage\target\test-classes;F:\stage\Pathway_stage\target\classes;C:\Users\saiku\Downloads\sikulixapi-2.0.4.jar;C:\Users\saiku\.m2\repository\org\seleniumhq\selenium\selenium-java\3.14.0\selenium-java-3.14.0.jar;C:\Users\saiku\.m2\repository\org\seleniumhq\selenium\selenium-api\3.14.0\selenium-api-3.14.0.jar;C:\Users\saiku\.m2\repository\org\seleniumhq\selenium\selenium-chrome-driver\3.14.0\selenium-chrome-driver-3.14.0.jar;C:\Users\saiku\.m2\repository\org\seleniumhq\selenium\selenium-edge-driver\3.14.0\selenium-edge-driver-3.14.0.jar;C:\Users\saiku\.m2\repository\org\seleniumhq\selenium\selenium-firefox-driver\3.14.0\selenium-firefox-driver-3.14.0.jar;C:\Users\saiku\.m2\repository\org\seleniumhq\selenium\selenium-ie-driver\3.14.0\selenium-ie-driver-3.14.0.jar;C:\Users\saiku\.m2\repository\org\seleniumhq\selenium\selenium-opera-driver\3.14.0\selenium-opera-driver-3.14.0.jar;C:\Users\saiku\.m2\repository\org\seleniumhq\selenium\selenium-remote-driver\3.14.0\selenium-remote-driver-3.14.0.jar;C:\Users\saiku\.m2\repository\org\seleniumhq\selenium\selenium-safari-driver\3.14.0\selenium-safari-driver-3.14.0.jar;C:\Users\saiku\.m2\repository\org\seleniumhq\selenium\selenium-support\3.14.0\selenium-support-3.14.0.jar;C:\Users\saiku\.m2\repository\net\bytebuddy\byte-buddy\1.8.15\byte-buddy-1.8.15.jar;C:\Users\saiku\.m2\repository\org\apache\commons\commons-exec\1.3\commons-exec-1.3.jar;C:\Users\saiku\.m2\repository\commons-codec\commons-codec\1.10\commons-codec-1.10.jar;C:\Users\saiku\.m2\repository\commons-logging\commons-logging\1.2\commons-logging-1.2.jar;C:\Users\saiku\.m2\repository\com\google\guava\guava\25.0-jre\guava-25.0-jre.jar;C:\Users\saiku\.m2\repository\com\google\code\findbugs\jsr305\1.3.9\jsr305-1.3.9.jar;C:\Users\saiku\.m2\repository\org\checkerframework\checker-compat-qual\2.0.0\checker-compat-qual-2.0.0.jar;C:\Users\saiku\.m2\repository\com\google\errorprone\error_prone_annotations\2.1.3\error_prone_annotations-
Launcher Type: SUN_STANDARD

Environment Variables:
JAVA_HOME=C:\Program Files\Java\jdk1.8.0_191
PATH=C:/Program Files/Java/jre1.8.0_191/bin/server;C:/Program Files/Java/jre1.8.0_191/bin;C:/Program Files/Java/jre1.8.0_191/lib/amd64;C:\Program Files (x86)\Common Files\Oracle\Java\javapath;C:\WINDOWS\system32;C:\WINDOWS;C:\WINDOWS\System32\Wbem;C:\WINDOWS\System32\WindowsPowerShell\v1.0\;C:\WINDOWS\System32\OpenSSH\;C:\Program Files\Java\jdk1.8.0_191\bin;C:\Users\saiku\Downloads\apache-maven-3.6.3-bin\apache-maven-3.6.3\bin;C:\Users\saiku\AppData\Local\Microsoft\WindowsApps;;C:\Users\saiku\Downloads\eclipse-java-photon-R-win32-x86_64\eclipse;
USERNAME=saikumar
OS=Windows_NT
PROCESSOR_IDENTIFIER=Intel64 Family 6 Model 142 Stepping 11, GenuineIntel



---------------  S Y S T E M  ---------------

OS: Windows 10.0 , 64 bit Build 19041 (10.0.19041.292)

CPU:total 8 (initial active 8) (4 cores per cpu, 2 threads per core) family 6 model 142 stepping 11, cmov, cx8, fxsr, mmx, sse, sse2, sse3, ssse3, sse4.1, sse4.2, popcnt, avx, avx2, aes, clmul, erms, 3dnowpref, lzcnt, ht, tsc, tscinvbit, bmi1, bmi2, adx

Memory: 4k page, physical 8264948k(1665408k free), swap 13245684k(5213716k free)

vm_info: Java HotSpot(TM) 64-Bit Server VM (25.191-b12) for windows-amd64 JRE (1.8.0_191-b12), built on Oct  6 2018 09:29:03 by "java_re" with MS VC++ 10.0 (VS2010)

time: Mon Jul 27 17:49:54 2020
elapsed time: 4 seconds (0d 0h 0m 4s)

