#
# A fatal error has been detected by the Java Runtime Environment:
#
#  EXCEPTION_ACCESS_VIOLATION (0xc0000005) at pc=0x000000005d8e5348, pid=2780, tid=0x0000000000003aa8
#
# JRE version: Java(TM) SE Runtime Environment (8.0_191-b12) (build 1.8.0_191-b12)
# Java VM: Java HotSpot(TM) 64-Bit Server VM (25.191-b12 mixed mode windows-amd64 compressed oops)
# Problematic frame:
# V  [jvm.dll+0x115348]
#
# Failed to write core dump. Minidumps are not enabled by default on client versions of Windows
#
# If you would like to submit a bug report, please visit:
#   http://bugreport.java.com/bugreport/crash.jsp
#

---------------  T H R E A D  ---------------

Current thread (0x0000000002da1000):  GCTaskThread [stack: 0x0000000012bf0000,0x0000000012cf0000] [id=15016]

siginfo: ExceptionCode=0xc0000005, reading address 0xffffffffffffffff

Registers:
RAX=0x00000000130f0000, RBX=0x0000000000040000, RCX=0x0000000000000000, RDX=0x0000000000000000
RSP=0x0000000012cef9a0, RBP=0x00000000a3ab1934, RSI=0x0000000000000003, RDI=0x0000000002e77d90
R8 =0x007fffffffbf1200, R9 =0x0000000000000003, R10=0x000000000000000c, R11=0x0000000000002621
R12=0x00000000a3ab1938, R13=0x00000001002389e8, R14=0x00000001002389f0, R15=0x00000000a3ab18d8
RIP=0x000000005d8e5348, EFLAGS=0x0000000000010246

Top of Stack: (sp=0x0000000012cef9a0)
0x0000000012cef9a0:   00000000e49c4b88 00000000a3ab192c
0x0000000012cef9b0:   0000000000000003 0000000002e77d90
0x0000000012cef9c0:   0000000000000000 0000000002da15e0
0x0000000012cef9d0:   0000000002d92bc0 00008e500000261c
0x0000000012cef9e0:   000000000000261e 000000005dbca6b0
0x0000000012cef9f0:   0000000018af3148 0000000000000000
0x0000000012cefa00:   0000000002e77d90 000000005de29998
0x0000000012cefa10:   00008e4f0000261c 00008e500000261c
0x0000000012cefa20:   000000005dff3e30 000000000000000c
0x0000000012cefa30:   0000000000000000 00007765000024aa
0x0000000012cefa40:   00000000a2f10860 000000005d8e5416
0x0000000012cefa50:   00000000a0b79460 0000000002d92bc0
0x0000000012cefa60:   0000000002da15f0 0000000002da15e0
0x0000000012cefa70:   000000005de29998 0000000000000003
0x0000000012cefa80:   000000001bdfe0c0 0000000000000000
0x0000000012cefa90:   0000000002e77d90 000000005dbc7fef 

Instructions: (pc=0x000000005d8e5348)
0x000000005d8e5328:   05 03 eb 70 00 49 c1 e8 03 49 d3 e8 41 0f b6 c0
0x000000005d8e5338:   49 c1 e8 06 24 3f 0f b6 d0 48 8b 05 18 eb 70 00
0x000000005d8e5348:   4a 8b 0c c0 48 0f a3 d1 0f 82 59 01 00 00 0f b6
0x000000005d8e5358:   15 44 f7 6f 00 84 d2 74 16 44 8b 43 08 8b 0d fd 


Register to memory mapping:

RAX=0x00000000130f0000 is an unknown value
RBX=0x0000000000040000 is an unknown value
RCX=0x0000000000000000 is an unknown value
RDX=0x0000000000000000 is an unknown value
RSP=0x0000000012cef9a0 is an unknown value
RBP=0x00000000a3ab1934 is pointing into object: 0x00000000a3ab18d8
org.apache.xmlbeans.impl.store.Xobj$ElementXobj 
 - klass: 'org/apache/xmlbeans/impl/store/Xobj$ElementXobj'
RSI=0x0000000000000003 is an unknown value
RDI=0x0000000002e77d90 is an unknown value
R8 =0x007fffffffbf1200 is an unknown value
R9 =0x0000000000000003 is an unknown value
R10=0x000000000000000c is an unknown value
R11=0x0000000000002621 is an unknown value
R12=0x00000000a3ab1938 is an oop
org.apache.xmlbeans.impl.store.Xobj$ElementXobj 
 - klass: 'org/apache/xmlbeans/impl/store/Xobj$ElementXobj'
R13=0x00000001002389e8 is pointing into metadata
R14=0x00000001002389f0 is pointing into metadata
R15=0x00000000a3ab18d8 is an oop
org.apache.xmlbeans.impl.store.Xobj$ElementXobj 
 - klass: 'org/apache/xmlbeans/impl/store/Xobj$ElementXobj'


Stack: [0x0000000012bf0000,0x0000000012cf0000],  sp=0x0000000012cef9a0,  free space=1022k
Native frames: (J=compiled Java code, j=interpreted, Vv=VM code, C=native code)
V  [jvm.dll+0x115348]
V  [jvm.dll+0x3fa6b0]
V  [jvm.dll+0x3f7fef]
V  [jvm.dll+0x3f54ce]
V  [jvm.dll+0x29eb9a]
C  [msvcr100.dll+0x21d9f]
C  [msvcr100.dll+0x21e3b]
C  [KERNEL32.DLL+0x16fd4]
C  [ntdll.dll+0x4cec1]


---------------  P R O C E S S  ---------------

Java Threads: ( => current thread )
  0x000000001ad54000 JavaThread "ReaderThread" [_thread_in_native, id=8972, stack(0x000000001b2d0000,0x000000001b3d0000)]
  0x0000000019da8800 JavaThread "Service Thread" daemon [_thread_blocked, id=16248, stack(0x000000001a8d0000,0x000000001a9d0000)]
  0x0000000019d1e000 JavaThread "C1 CompilerThread3" daemon [_thread_blocked, id=3380, stack(0x000000001a7d0000,0x000000001a8d0000)]
  0x0000000019d18000 JavaThread "C2 CompilerThread2" daemon [_thread_blocked, id=12596, stack(0x000000001a6d0000,0x000000001a7d0000)]
  0x0000000019d03800 JavaThread "C2 CompilerThread1" daemon [_thread_blocked, id=16524, stack(0x000000001a5d0000,0x000000001a6d0000)]
  0x0000000019d00000 JavaThread "C2 CompilerThread0" daemon [_thread_blocked, id=8144, stack(0x000000001a4d0000,0x000000001a5d0000)]
  0x0000000019cfe800 JavaThread "Attach Listener" daemon [_thread_blocked, id=11124, stack(0x000000001a3d0000,0x000000001a4d0000)]
  0x0000000019cfd800 JavaThread "Signal Dispatcher" daemon [_thread_blocked, id=1204, stack(0x000000001a2d0000,0x000000001a3d0000)]
  0x0000000002e7d800 JavaThread "Finalizer" daemon [_thread_blocked, id=10836, stack(0x000000001a0d0000,0x000000001a1d0000)]
  0x0000000002e7c000 JavaThread "Reference Handler" daemon [_thread_blocked, id=15948, stack(0x0000000019bd0000,0x0000000019cd0000)]
  0x0000000002d85000 JavaThread "main" [_thread_blocked, id=15056, stack(0x0000000002c80000,0x0000000002d80000)]

Other Threads:
  0x0000000017dea000 VMThread [stack: 0x0000000019ad0000,0x0000000019bd0000] [id=3436]
  0x0000000019de3000 WatcherThread [stack: 0x000000001a9d0000,0x000000001aad0000] [id=11480]

=>0x0000000002da1000 (exited) GCTaskThread [stack: 0x0000000012bf0000,0x0000000012cf0000] [id=15016]

VM state:at safepoint (normal execution)

VM Mutex/Monitor currently owned by a thread:  ([mutex/lock_event])
[0x0000000002d81a50] Threads_lock - owner thread: 0x0000000017dea000
[0x0000000002d825d0] Heap_lock - owner thread: 0x0000000002d85000

Heap:
 PSYoungGen      total 459264K, used 64864K [0x00000000d5f80000, 0x0000000100000000, 0x0000000100000000)
  eden space 229888K, 0% used [0x00000000d5f80000,0x00000000d5f80000,0x00000000e4000000)
  from space 229376K, 28% used [0x00000000e4000000,0x00000000e7f58000,0x00000000f2000000)
  to   space 229376K, 0% used [0x00000000f2000000,0x00000000f2000000,0x0000000100000000)
 ParOldGen       total 939520K, used 723920K [0x0000000081e00000, 0x00000000bb380000, 0x00000000d5f80000)
  object space 939520K, 77% used [0x0000000081e00000,0x00000000ae0f4318,0x00000000bb380000)
 Metaspace       used 19804K, capacity 20118K, committed 20352K, reserved 1067008K
  class space    used 2550K, capacity 2629K, committed 2688K, reserved 1048576K

Card table byte_map: [0x0000000012240000,0x0000000012640000] byte_map_base: 0x0000000011e31000

Marking Bits: (ParMarkBitMap*) 0x000000005dff3e30
 Begin Bits: [0x00000000130f0000, 0x0000000015078000)
 End Bits:   [0x0000000015078000, 0x0000000017000000)

Polling page: 0x00000000009f0000

CodeCache: size=245760Kb used=8584Kb max_used=10777Kb free=237175Kb
 bounds [0x0000000002e80000, 0x0000000003920000, 0x0000000011e80000]
 total_blobs=2737 nmethods=2362 adapters=287
 compilation: enabled

Compilation events (10 events):
Event: 14.487 Thread 0x0000000019d1e000 nmethod 3071 0x0000000003565650 code [0x00000000035657e0, 0x0000000003565cd0]
Event: 14.494 Thread 0x0000000019d1e000 3072       3       sun.reflect.ClassFileAssembler::opc_invokespecial (26 bytes)
Event: 14.494 Thread 0x0000000019d1e000 nmethod 3072 0x00000000032c4d90 code [0x00000000032c4f60, 0x00000000032c54e8]
Event: 14.494 Thread 0x0000000019d1e000 3073       3       sun.reflect.ClassFileAssembler::emitInt (46 bytes)
Event: 14.494 Thread 0x0000000019d1e000 nmethod 3073 0x0000000002f90190 code [0x0000000002f90360, 0x0000000002f90898]
Event: 14.544 Thread 0x0000000019d18000 nmethod 3067 0x00000000035c4810 code [0x00000000035c4ae0, 0x00000000035c7250]
Event: 14.676 Thread 0x0000000019d1e000 3074       3       sun.misc.CompoundEnumeration::hasMoreElements (5 bytes)
Event: 14.677 Thread 0x0000000019d1e000 nmethod 3074 0x000000000302aad0 code [0x000000000302ac40, 0x000000000302adc8]
Event: 14.679 Thread 0x0000000019d03800 3075       4       com.sun.org.apache.xerces.internal.utils.XMLSecurityManager::readSystemProperties (99 bytes)
Event: 14.682 Thread 0x0000000019d03800 nmethod 3075 0x000000000305a1d0 code [0x000000000305a340, 0x000000000305a778]

GC Heap History (10 events):
Event: 14.542 GC heap after
Heap after GC invocations=48 (full 9):
 PSYoungGen      total 299008K, used 68741K [0x00000000d5f80000, 0x00000000ffd00000, 0x0000000100000000)
  eden space 229888K, 0% used [0x00000000d5f80000,0x00000000d5f80000,0x00000000e4000000)
  from space 69120K, 99% used [0x00000000e4000000,0x00000000e83215d0,0x00000000e8380000)
  to   space 227840K, 0% used [0x00000000f1e80000,0x00000000f1e80000,0x00000000ffd00000)
 ParOldGen       total 939520K, used 365444K [0x0000000081e00000, 0x00000000bb380000, 0x00000000d5f80000)
  object space 939520K, 38% used [0x0000000081e00000,0x00000000982e1070,0x00000000bb380000)
 Metaspace       used 19792K, capacity 20100K, committed 20352K, reserved 1067008K
  class space    used 2548K, capacity 2626K, committed 2688K, reserved 1048576K
}
Event: 14.627 GC heap before
{Heap before GC invocations=49 (full 9):
 PSYoungGen      total 299008K, used 298629K [0x00000000d5f80000, 0x00000000ffd00000, 0x0000000100000000)
  eden space 229888K, 100% used [0x00000000d5f80000,0x00000000e4000000,0x00000000e4000000)
  from space 69120K, 99% used [0x00000000e4000000,0x00000000e83215d0,0x00000000e8380000)
  to   space 227840K, 0% used [0x00000000f1e80000,0x00000000f1e80000,0x00000000ffd00000)
 ParOldGen       total 939520K, used 365444K [0x0000000081e00000, 0x00000000bb380000, 0x00000000d5f80000)
  object space 939520K, 38% used [0x0000000081e00000,0x00000000982e1070,0x00000000bb380000)
 Metaspace       used 19792K, capacity 20100K, committed 20352K, reserved 1067008K
  class space    used 2548K, capacity 2626K, committed 2688K, reserved 1048576K
Event: 14.653 GC heap after
Heap after GC invocations=49 (full 9):
 PSYoungGen      total 468480K, used 71712K [0x00000000d5f80000, 0x0000000100000000, 0x0000000100000000)
  eden space 240640K, 0% used [0x00000000d5f80000,0x00000000d5f80000,0x00000000e4a80000)
  from space 227840K, 31% used [0x00000000f1e80000,0x00000000f64883d8,0x00000000ffd00000)
  to   space 217088K, 0% used [0x00000000e4a80000,0x00000000e4a80000,0x00000000f1e80000)
 ParOldGen       total 939520K, used 365444K [0x0000000081e00000, 0x00000000bb380000, 0x00000000d5f80000)
  object space 939520K, 38% used [0x0000000081e00000,0x00000000982e1070,0x00000000bb380000)
 Metaspace       used 19792K, capacity 20100K, committed 20352K, reserved 1067008K
  class space    used 2548K, capacity 2626K, committed 2688K, reserved 1048576K
}
Event: 14.928 GC heap before
{Heap before GC invocations=50 (full 9):
 PSYoungGen      total 468480K, used 312352K [0x00000000d5f80000, 0x0000000100000000, 0x0000000100000000)
  eden space 240640K, 100% used [0x00000000d5f80000,0x00000000e4a80000,0x00000000e4a80000)
  from space 227840K, 31% used [0x00000000f1e80000,0x00000000f64883d8,0x00000000ffd00000)
  to   space 217088K, 0% used [0x00000000e4a80000,0x00000000e4a80000,0x00000000f1e80000)
 ParOldGen       total 939520K, used 365444K [0x0000000081e00000, 0x00000000bb380000, 0x00000000d5f80000)
  object space 939520K, 38% used [0x0000000081e00000,0x00000000982e1070,0x00000000bb380000)
 Metaspace       used 19804K, capacity 20118K, committed 20352K, reserved 1067008K
  class space    used 2550K, capacity 2629K, committed 2688K, reserved 1048576K
Event: 14.987 GC heap after
Heap after GC invocations=50 (full 9):
 PSYoungGen      total 457728K, used 217080K [0x00000000d5f80000, 0x0000000100000000, 0x0000000100000000)
  eden space 240640K, 0% used [0x00000000d5f80000,0x00000000d5f80000,0x00000000e4a80000)
  from space 217088K, 99% used [0x00000000e4a80000,0x00000000f1e7e3b0,0x00000000f1e80000)
  to   space 229376K, 0% used [0x00000000f2000000,0x00000000f2000000,0x0000000100000000)
 ParOldGen       total 939520K, used 400957K [0x0000000081e00000, 0x00000000bb380000, 0x00000000d5f80000)
  object space 939520K, 42% used [0x0000000081e00000,0x000000009a58f410,0x00000000bb380000)
 Metaspace       used 19804K, capacity 20118K, committed 20352K, reserved 1067008K
  class space    used 2550K, capacity 2629K, committed 2688K, reserved 1048576K
}
Event: 15.291 GC heap before
{Heap before GC invocations=51 (full 9):
 PSYoungGen      total 457728K, used 457720K [0x00000000d5f80000, 0x0000000100000000, 0x0000000100000000)
  eden space 240640K, 100% used [0x00000000d5f80000,0x00000000e4a80000,0x00000000e4a80000)
  from space 217088K, 99% used [0x00000000e4a80000,0x00000000f1e7e3b0,0x00000000f1e80000)
  to   space 229376K, 0% used [0x00000000f2000000,0x00000000f2000000,0x0000000100000000)
 ParOldGen       total 939520K, used 400957K [0x0000000081e00000, 0x00000000bb380000, 0x00000000d5f80000)
  object space 939520K, 42% used [0x0000000081e00000,0x000000009a58f410,0x00000000bb380000)
 Metaspace       used 19804K, capacity 20118K, committed 20352K, reserved 1067008K
  class space    used 2550K, capacity 2629K, committed 2688K, reserved 1048576K
Event: 15.385 GC heap after
Heap after GC invocations=51 (full 9):
 PSYoungGen      total 459264K, used 229371K [0x00000000d5f80000, 0x0000000100000000, 0x0000000100000000)
  eden space 229888K, 0% used [0x00000000d5f80000,0x00000000d5f80000,0x00000000e4000000)
  from space 229376K, 99% used [0x00000000f2000000,0x00000000ffffeed0,0x0000000100000000)
  to   space 229376K, 0% used [0x00000000e4000000,0x00000000e4000000,0x00000000f2000000)
 ParOldGen       total 939520K, used 504927K [0x0000000081e00000, 0x00000000bb380000, 0x00000000d5f80000)
  object space 939520K, 53% used [0x0000000081e00000,0x00000000a0b17f18,0x00000000bb380000)
 Metaspace       used 19804K, capacity 20118K, committed 20352K, reserved 1067008K
  class space    used 2550K, capacity 2629K, committed 2688K, reserved 1048576K
}
Event: 15.629 GC heap before
{Heap before GC invocations=52 (full 9):
 PSYoungGen      total 459264K, used 459259K [0x00000000d5f80000, 0x0000000100000000, 0x0000000100000000)
  eden space 229888K, 100% used [0x00000000d5f80000,0x00000000e4000000,0x00000000e4000000)
  from space 229376K, 99% used [0x00000000f2000000,0x00000000ffffeed0,0x0000000100000000)
  to   space 229376K, 0% used [0x00000000e4000000,0x00000000e4000000,0x00000000f2000000)
 ParOldGen       total 939520K, used 504927K [0x0000000081e00000, 0x00000000bb380000, 0x00000000d5f80000)
  object space 939520K, 53% used [0x0000000081e00000,0x00000000a0b17f18,0x00000000bb380000)
 Metaspace       used 19804K, capacity 20118K, committed 20352K, reserved 1067008K
  class space    used 2550K, capacity 2629K, committed 2688K, reserved 1048576K
Event: 15.724 GC heap after
Heap after GC invocations=52 (full 9):
 PSYoungGen      total 459264K, used 64864K [0x00000000d5f80000, 0x0000000100000000, 0x0000000100000000)
  eden space 229888K, 0% used [0x00000000d5f80000,0x00000000d5f80000,0x00000000e4000000)
  from space 229376K, 28% used [0x00000000e4000000,0x00000000e7f58000,0x00000000f2000000)
  to   space 229376K, 0% used [0x00000000f2000000,0x00000000f2000000,0x0000000100000000)
 ParOldGen       total 939520K, used 723920K [0x0000000081e00000, 0x00000000bb380000, 0x00000000d5f80000)
  object space 939520K, 77% used [0x0000000081e00000,0x00000000ae0f4318,0x00000000bb380000)
 Metaspace       used 19804K, capacity 20118K, committed 20352K, reserved 1067008K
  class space    used 2550K, capacity 2629K, committed 2688K, reserved 1048576K
}
Event: 15.724 GC heap before
{Heap before GC invocations=53 (full 10):
 PSYoungGen      total 459264K, used 64864K [0x00000000d5f80000, 0x0000000100000000, 0x0000000100000000)
  eden space 229888K, 0% used [0x00000000d5f80000,0x00000000d5f80000,0x00000000e4000000)
  from space 229376K, 28% used [0x00000000e4000000,0x00000000e7f58000,0x00000000f2000000)
  to   space 229376K, 0% used [0x00000000f2000000,0x00000000f2000000,0x0000000100000000)
 ParOldGen       total 939520K, used 723920K [0x0000000081e00000, 0x00000000bb380000, 0x00000000d5f80000)
  object space 939520K, 77% used [0x0000000081e00000,0x00000000ae0f4318,0x00000000bb380000)
 Metaspace       used 19804K, capacity 20118K, committed 20352K, reserved 1067008K
  class space    used 2550K, capacity 2629K, committed 2688K, reserved 1048576K

Deoptimization events (10 events):
Event: 3.571 Thread 0x0000000002d85000 Uncommon trap: reason=class_check action=maybe_recompile pc=0x00000000036705e4 method=com.sun.org.apache.xerces.internal.impl.XMLDocumentFragmentScannerImpl.scanDocument(Z)Z @ 333
Event: 3.574 Thread 0x0000000002d85000 Uncommon trap: reason=class_check action=maybe_recompile pc=0x0000000003670958 method=com.sun.org.apache.xerces.internal.impl.XMLDocumentFragmentScannerImpl.scanDocument(Z)Z @ 117
Event: 3.576 Thread 0x0000000002d85000 Uncommon trap: reason=class_check action=maybe_recompile pc=0x00000000036705e4 method=com.sun.org.apache.xerces.internal.impl.XMLDocumentFragmentScannerImpl.scanDocument(Z)Z @ 333
Event: 3.577 Thread 0x0000000002d85000 Uncommon trap: reason=class_check action=maybe_recompile pc=0x00000000036705e4 method=com.sun.org.apache.xerces.internal.impl.XMLDocumentFragmentScannerImpl.scanDocument(Z)Z @ 333
Event: 3.590 Thread 0x0000000002d85000 Uncommon trap: reason=unstable_if action=reinterpret pc=0x00000000037a2408 method=org.apache.xmlbeans.impl.store.Locale$nthCache.distance(Lorg/apache/xmlbeans/impl/store/Xobj;Ljavax/xml/namespace/QName;Lorg/apache/xmlbeans/QNameSet;I)I @ 31
Event: 3.590 Thread 0x0000000002d85000 Uncommon trap: reason=unstable_if action=reinterpret pc=0x0000000003792e8c method=org.apache.xmlbeans.impl.store.Locale$nthCache.distance(Lorg/apache/xmlbeans/impl/store/Xobj;Ljavax/xml/namespace/QName;Lorg/apache/xmlbeans/QNameSet;I)I @ 31
Event: 3.590 Thread 0x0000000002d85000 Uncommon trap: reason=unstable_if action=reinterpret pc=0x00000000037b1060 method=org.apache.xmlbeans.impl.store.Locale$nthCache.fetch(Lorg/apache/xmlbeans/impl/store/Xobj;Ljavax/xml/namespace/QName;Lorg/apache/xmlbeans/QNameSet;I)Lorg/apache/xmlbeans/imp
Event: 3.599 Thread 0x0000000002d85000 Uncommon trap: reason=unstable_if action=reinterpret pc=0x00000000037bbd34 method=org.apache.xmlbeans.impl.store.Locale.count(Lorg/apache/xmlbeans/impl/store/Xobj;Ljavax/xml/namespace/QName;Lorg/apache/xmlbeans/QNameSet;)I @ 39
Event: 3.599 Thread 0x0000000002d85000 Uncommon trap: reason=unstable_if action=reinterpret pc=0x00000000037b4660 method=org.apache.xmlbeans.impl.store.Locale.count(Lorg/apache/xmlbeans/impl/store/Xobj;Ljavax/xml/namespace/QName;Lorg/apache/xmlbeans/QNameSet;)I @ 39
Event: 12.634 Thread 0x0000000002d85000 Uncommon trap: reason=predicate action=maybe_recompile pc=0x000000000333f658 method=org.apache.poi.openxml4j.opc.PackagePartName.compare(Ljava/lang/String;Ljava/lang/String;)I @ 71

Classes redefined (0 events):
No events

Internal exceptions (10 events):
Event: 0.745 Thread 0x0000000002d85000 Exception <a 'java/lang/ClassNotFoundException': java/lang/ObjectCustomizer> (0x00000000d712ce00) thrown at [C:\re\workspace\8-2-build-windows-amd64-cygwin\jdk8u191\11896\hotspot\src\share\vm\classfile\systemDictionary.cpp, line 210]
Event: 0.748 Thread 0x0000000002d85000 Exception <a 'java/lang/ClassNotFoundException': java/lang/EnumCustomizer> (0x00000000d713d318) thrown at [C:\re\workspace\8-2-build-windows-amd64-cygwin\jdk8u191\11896\hotspot\src\share\vm\classfile\systemDictionary.cpp, line 210]
Event: 0.749 Thread 0x0000000002d85000 Exception <a 'java/lang/ClassNotFoundException': com/aventstack/extentreports/StatusCustomizer> (0x00000000d715e6b8) thrown at [C:\re\workspace\8-2-build-windows-amd64-cygwin\jdk8u191\11896\hotspot\src\share\vm\classfile\systemDictionary.cpp, line 210]
Event: 0.858 Thread 0x0000000002d85000 Implicit null exception at 0x00000000032428db to 0x0000000003242d69
Event: 1.071 Thread 0x0000000002d85000 Exception <a 'java/security/PrivilegedActionException'> (0x00000000d75b4250) thrown at [C:\re\workspace\8-2-build-windows-amd64-cygwin\jdk8u191\11896\hotspot\src\share\vm\prims\jvm.cpp, line 1435]
Event: 1.071 Thread 0x0000000002d85000 Exception <a 'java/security/PrivilegedActionException'> (0x00000000d75b4a18) thrown at [C:\re\workspace\8-2-build-windows-amd64-cygwin\jdk8u191\11896\hotspot\src\share\vm\prims\jvm.cpp, line 1435]
Event: 1.071 Thread 0x0000000002d85000 Exception <a 'java/security/PrivilegedActionException'> (0x00000000d75d1eb8) thrown at [C:\re\workspace\8-2-build-windows-amd64-cygwin\jdk8u191\11896\hotspot\src\share\vm\prims\jvm.cpp, line 1435]
Event: 1.071 Thread 0x0000000002d85000 Exception <a 'java/security/PrivilegedActionException'> (0x00000000d75d2680) thrown at [C:\re\workspace\8-2-build-windows-amd64-cygwin\jdk8u191\11896\hotspot\src\share\vm\prims\jvm.cpp, line 1435]
Event: 1.071 Thread 0x0000000002d85000 Exception <a 'java/security/PrivilegedActionException'> (0x00000000d75dfa50) thrown at [C:\re\workspace\8-2-build-windows-amd64-cygwin\jdk8u191\11896\hotspot\src\share\vm\prims\jvm.cpp, line 1435]
Event: 1.071 Thread 0x0000000002d85000 Exception <a 'java/security/PrivilegedActionException'> (0x00000000d75e0218) thrown at [C:\re\workspace\8-2-build-windows-amd64-cygwin\jdk8u191\11896\hotspot\src\share\vm\prims\jvm.cpp, line 1435]

Events (10 events):
Event: 14.653 Executing VM operation: ParallelGCFailedAllocation done
Event: 14.677 loading class org/apache/xerces/util/SecurityManager
Event: 14.677 loading class org/apache/xerces/util/SecurityManager done
Event: 14.679 loading class org/apache/xerces/util/SecurityManager
Event: 14.679 loading class org/apache/xerces/util/SecurityManager done
Event: 14.928 Executing VM operation: ParallelGCFailedAllocation
Event: 14.987 Executing VM operation: ParallelGCFailedAllocation done
Event: 15.291 Executing VM operation: ParallelGCFailedAllocation
Event: 15.385 Executing VM operation: ParallelGCFailedAllocation done
Event: 15.629 Executing VM operation: ParallelGCFailedAllocation


Dynamic libraries:
0x00007ff7709d0000 - 0x00007ff770a07000 	C:\Program Files\Java\jre1.8.0_191\bin\javaw.exe
0x00007ff99ac50000 - 0x00007ff99ae44000 	C:\WINDOWS\SYSTEM32\ntdll.dll
0x00007ff998cc0000 - 0x00007ff998d7d000 	C:\WINDOWS\System32\KERNEL32.DLL
0x00007ff998990000 - 0x00007ff998c57000 	C:\WINDOWS\System32\KERNELBASE.dll
0x00007ff99a470000 - 0x00007ff99a51a000 	C:\WINDOWS\System32\ADVAPI32.dll
0x00007ff999780000 - 0x00007ff99981e000 	C:\WINDOWS\System32\msvcrt.dll
0x00007ff99a3d0000 - 0x00007ff99a46b000 	C:\WINDOWS\System32\sechost.dll
0x00007ff998ef0000 - 0x00007ff999013000 	C:\WINDOWS\System32\RPCRT4.dll
0x00007ff999f60000 - 0x00007ff99a100000 	C:\WINDOWS\System32\USER32.dll
0x00007ff998860000 - 0x00007ff998882000 	C:\WINDOWS\System32\win32u.dll
0x00007ff99ab60000 - 0x00007ff99ab8a000 	C:\WINDOWS\System32\GDI32.dll
0x00007ff998750000 - 0x00007ff99885a000 	C:\WINDOWS\System32\gdi32full.dll
0x00007ff9984a0000 - 0x00007ff99853d000 	C:\WINDOWS\System32\msvcp_win.dll
0x00007ff998890000 - 0x00007ff998990000 	C:\WINDOWS\System32\ucrtbase.dll
0x00007ff9858e0000 - 0x00007ff985b7a000 	C:\WINDOWS\WinSxS\amd64_microsoft.windows.common-controls_6595b64144ccf1df_6.0.19041.1_none_b555e41d4684ddec\COMCTL32.dll
0x00007ff998d80000 - 0x00007ff998db0000 	C:\WINDOWS\System32\IMM32.DLL
0x000000005d520000 - 0x000000005d5f2000 	C:\Program Files\Java\jre1.8.0_191\bin\msvcr100.dll
0x000000005d7d0000 - 0x000000005e074000 	C:\Program Files\Java\jre1.8.0_191\bin\server\jvm.dll
0x00007ff99a900000 - 0x00007ff99a908000 	C:\WINDOWS\System32\PSAPI.DLL
0x00007ff990e50000 - 0x00007ff990e5a000 	C:\WINDOWS\SYSTEM32\VERSION.dll
0x00007ff983ed0000 - 0x00007ff983ef7000 	C:\WINDOWS\SYSTEM32\WINMM.dll
0x00007ff941ff0000 - 0x00007ff941ff9000 	C:\WINDOWS\SYSTEM32\WSOCK32.dll
0x00007ff999710000 - 0x00007ff99977b000 	C:\WINDOWS\System32\WS2_32.dll
0x000000005d6e0000 - 0x000000005d6ef000 	C:\Program Files\Java\jre1.8.0_191\bin\verify.dll
0x000000005d6b0000 - 0x000000005d6d9000 	C:\Program Files\Java\jre1.8.0_191\bin\java.dll
0x000000005d690000 - 0x000000005d6a6000 	C:\Program Files\Java\jre1.8.0_191\bin\zip.dll
0x00007ff999820000 - 0x00007ff999f55000 	C:\WINDOWS\System32\SHELL32.dll
0x00007ff996530000 - 0x00007ff996cbf000 	C:\WINDOWS\SYSTEM32\windows.storage.dll
0x00007ff99a520000 - 0x00007ff99a873000 	C:\WINDOWS\System32\combase.dll
0x00007ff997d50000 - 0x00007ff997d7b000 	C:\WINDOWS\SYSTEM32\Wldp.dll
0x00007ff999660000 - 0x00007ff99970e000 	C:\WINDOWS\System32\SHCORE.dll
0x00007ff99ab00000 - 0x00007ff99ab55000 	C:\WINDOWS\System32\shlwapi.dll
0x00007ff9982e0000 - 0x00007ff9982ff000 	C:\WINDOWS\SYSTEM32\profapi.dll
0x000000005d670000 - 0x000000005d68a000 	C:\Program Files\Java\jre1.8.0_191\bin\net.dll
0x00007ff997ad0000 - 0x00007ff997b3a000 	C:\WINDOWS\system32\mswsock.dll
0x00007ff995c10000 - 0x00007ff995df4000 	C:\WINDOWS\SYSTEM32\dbghelp.dll
0x00007ff9983a0000 - 0x00007ff99841f000 	C:\WINDOWS\System32\bcryptPrimitives.dll

VM Arguments:
jvm_args: -ea -Dfile.encoding=UTF-8 
java_command: org.eclipse.jdt.internal.junit.runner.RemoteTestRunner -version 3 -port 56342 -testLoaderClass org.eclipse.jdt.internal.junit4.runner.JUnit4TestLoader -loaderpluginname org.eclipse.jdt.junit4.runtime -classNames com.Pathway_stage.TestRunner.TestRunnerclass
java_class_path (initial): F:\stage\Pathway_stage\target\test-classes;F:\stage\Pathway_stage\target\classes;C:\Users\saiku\Downloads\sikulixapi-2.0.4.jar;C:\Users\saiku\.m2\repository\org\seleniumhq\selenium\selenium-java\3.14.0\selenium-java-3.14.0.jar;C:\Users\saiku\.m2\repository\org\seleniumhq\selenium\selenium-api\3.14.0\selenium-api-3.14.0.jar;C:\Users\saiku\.m2\repository\org\seleniumhq\selenium\selenium-chrome-driver\3.14.0\selenium-chrome-driver-3.14.0.jar;C:\Users\saiku\.m2\repository\org\seleniumhq\selenium\selenium-edge-driver\3.14.0\selenium-edge-driver-3.14.0.jar;C:\Users\saiku\.m2\repository\org\seleniumhq\selenium\selenium-firefox-driver\3.14.0\selenium-firefox-driver-3.14.0.jar;C:\Users\saiku\.m2\repository\org\seleniumhq\selenium\selenium-ie-driver\3.14.0\selenium-ie-driver-3.14.0.jar;C:\Users\saiku\.m2\repository\org\seleniumhq\selenium\selenium-opera-driver\3.14.0\selenium-opera-driver-3.14.0.jar;C:\Users\saiku\.m2\repository\org\seleniumhq\selenium\selenium-remote-driver\3.14.0\selenium-remote-driver-3.14.0.jar;C:\Users\saiku\.m2\repository\org\seleniumhq\selenium\selenium-safari-driver\3.14.0\selenium-safari-driver-3.14.0.jar;C:\Users\saiku\.m2\repository\org\seleniumhq\selenium\selenium-support\3.14.0\selenium-support-3.14.0.jar;C:\Users\saiku\.m2\repository\net\bytebuddy\byte-buddy\1.8.15\byte-buddy-1.8.15.jar;C:\Users\saiku\.m2\repository\org\apache\commons\commons-exec\1.3\commons-exec-1.3.jar;C:\Users\saiku\.m2\repository\commons-codec\commons-codec\1.10\commons-codec-1.10.jar;C:\Users\saiku\.m2\repository\commons-logging\commons-logging\1.2\commons-logging-1.2.jar;C:\Users\saiku\.m2\repository\com\google\guava\guava\25.0-jre\guava-25.0-jre.jar;C:\Users\saiku\.m2\repository\com\google\code\findbugs\jsr305\1.3.9\jsr305-1.3.9.jar;C:\Users\saiku\.m2\repository\org\checkerframework\checker-compat-qual\2.0.0\checker-compat-qual-2.0.0.jar;C:\Users\saiku\.m2\repository\com\google\errorprone\error_prone_annotations\2.1.3\error_prone_annotations-
Launcher Type: SUN_STANDARD

Environment Variables:
JAVA_HOME=C:\Program Files\Java\jdk1.8.0_191
PATH=C:/Program Files/Java/jre1.8.0_191/bin/server;C:/Program Files/Java/jre1.8.0_191/bin;C:/Program Files/Java/jre1.8.0_191/lib/amd64;C:\Program Files (x86)\Common Files\Oracle\Java\javapath;C:\WINDOWS\system32;C:\WINDOWS;C:\WINDOWS\System32\Wbem;C:\WINDOWS\System32\WindowsPowerShell\v1.0\;C:\WINDOWS\System32\OpenSSH\;C:\Program Files\Java\jdk1.8.0_191\bin;C:\Users\saiku\Downloads\apache-maven-3.6.3-bin\apache-maven-3.6.3\bin;C:\Users\saiku\AppData\Local\Microsoft\WindowsApps;;C:\Users\saiku\Downloads\eclipse-java-photon-R-win32-x86_64\eclipse;
USERNAME=saikumar
OS=Windows_NT
PROCESSOR_IDENTIFIER=Intel64 Family 6 Model 142 Stepping 11, GenuineIntel



---------------  S Y S T E M  ---------------

OS: Windows 10.0 , 64 bit Build 19041 (10.0.19041.292)

CPU:total 8 (initial active 8) (4 cores per cpu, 2 threads per core) family 6 model 142 stepping 11, cmov, cx8, fxsr, mmx, sse, sse2, sse3, ssse3, sse4.1, sse4.2, popcnt, avx, avx2, aes, clmul, erms, 3dnowpref, lzcnt, ht, tsc, tscinvbit, bmi1, bmi2, adx

Memory: 4k page, physical 8264948k(836364k free), swap 13245684k(4307508k free)

vm_info: Java HotSpot(TM) 64-Bit Server VM (25.191-b12) for windows-amd64 JRE (1.8.0_191-b12), built on Oct  6 2018 09:29:03 by "java_re" with MS VC++ 10.0 (VS2010)

time: Mon Jul 27 17:47:08 2020
elapsed time: 15 seconds (0d 0h 0m 15s)

